2023-05-21 19:15:01,251 [MainThread] -> [DEBUG] -> :: <module>() -> App initialized.
2023-05-21 19:15:01,251 [MainThread] -> [DEBUG] -> :: <module>() -> app_functions.py imported.
2023-05-21 19:15:01,252 [MainThread] -> [DEBUG] -> :: get_language() -> (pt_BR) translation loaded.
2023-05-21 19:15:01,253 [MainThread] -> [DEBUG] -> :: app_config_read() -> app_config_read: [('theme', 'Dark'), ('color', 'Blue'), ('region', '3'), ('napath', 'E:\\JOGOS\\AION_CLASSIC'), ('eupath', 'E:\\JOGOS\\aionclassic')]
2023-05-21 19:15:01,696 [MainThread] -> [DEBUG] -> :: <module>() -> main.py imported.
2023-05-21 19:15:01,697 [MainThread] -> [DEBUG] -> :: app_config_read() -> app_config_read: [('theme', 'Dark'), ('color', 'Blue'), ('region', '3'), ('napath', 'E:\\JOGOS\\AION_CLASSIC'), ('eupath', 'E:\\JOGOS\\aionclassic')]
2023-05-21 19:15:01,783 [MainThread] -> [DEBUG] -> :: __init__() -> App() class initialized.
2023-05-21 19:15:01,797 [MainThread] -> [DEBUG] -> :: __init__() -> createTabs() class initialized.
2023-05-21 19:15:01,798 [MainThread] -> [DEBUG] -> :: app_config_read() -> app_config_read: [('theme', 'Dark'), ('color', 'Blue'), ('region', '3'), ('napath', 'E:\\JOGOS\\AION_CLASSIC'), ('eupath', 'E:\\JOGOS\\aionclassic')]
2023-05-21 19:15:01,798 [MainThread] -> [DEBUG] -> :: __init__() -> app_config.items(): [('theme', 'Dark'), ('color', 'Blue'), ('region', '3'), ('napath', 'E:\\JOGOS\\AION_CLASSIC'), ('eupath', 'E:\\JOGOS\\aionclassic')]
2023-05-21 19:15:01,809 [MainThread] -> [DEBUG] -> :: __init__() -> Tabs created.
2023-05-21 19:15:01,810 [MainThread] -> [DEBUG] -> :: app_config_read() -> app_config_read: [('theme', 'Dark'), ('color', 'Blue'), ('region', '3'), ('napath', 'E:\\JOGOS\\AION_CLASSIC'), ('eupath', 'E:\\JOGOS\\aionclassic')]
2023-05-21 19:15:01,810 [MainThread] -> [INFO] -> :: first_run() :: Not the first run anymore!
2023-05-21 19:15:01,898 [MainThread] -> [DEBUG] -> :: __init__() -> Tabs populated.
2023-05-21 19:15:01,899 [MainThread] -> [DEBUG] -> :: app_config_read() -> app_config_read: [('theme', 'Dark'), ('color', 'Blue'), ('region', '3'), ('napath', 'E:\\JOGOS\\AION_CLASSIC'), ('eupath', 'E:\\JOGOS\\aionclassic')]
2023-05-21 19:15:01,899 [MainThread] -> [DEBUG] -> :: __init__() -> Default values -> theme: Dark | region: 3 | napath: E:\JOGOS\AION_CLASSIC | eupath: E:\JOGOS\aionclassic | color: Blue
2023-05-21 19:15:01,903 [MainThread] -> [DEBUG] -> :: __init__() -> Default values read.
2023-05-21 19:15:03,985 [MainThread] -> [DEBUG] -> :: app_config_read() -> app_config_read: [('theme', 'Dark'), ('color', 'Blue'), ('region', '3'), ('napath', 'E:\\JOGOS\\AION_CLASSIC'), ('eupath', 'E:\\JOGOS\\aionclassic')]
2023-05-21 19:15:03,987 [MainThread] -> [DEBUG] -> :: app_config_write() -> app_config_write: [('theme', 'Light'), ('color', 'Blue'), ('region', '3'), ('napath', 'E:\\JOGOS\\AION_CLASSIC'), ('eupath', 'E:\\JOGOS\\aionclassic')]
2023-05-21 19:15:04,142 [MainThread] -> [DEBUG] -> :: change_theme_event() -> Theme changed to 'Claro'.
2023-05-21 19:15:11,410 [MainThread] -> [DEBUG] -> :: app_config_read() -> app_config_read: [('theme', 'Light'), ('color', 'Blue'), ('region', '3'), ('napath', 'E:\\JOGOS\\AION_CLASSIC'), ('eupath', 'E:\\JOGOS\\aionclassic')]
2023-05-21 19:15:11,414 [MainThread] -> [DEBUG] -> :: app_config_write() -> app_config_write: [('theme', 'System'), ('color', 'Blue'), ('region', '3'), ('napath', 'E:\\JOGOS\\AION_CLASSIC'), ('eupath', 'E:\\JOGOS\\aionclassic')]
2023-05-21 19:15:11,416 [MainThread] -> [DEBUG] -> :: change_theme_event() -> Theme changed to 'Sistema'.
2023-05-21 19:15:12,585 [MainThread] -> [DEBUG] -> :: app_config_read() -> app_config_read: [('theme', 'System'), ('color', 'Blue'), ('region', '3'), ('napath', 'E:\\JOGOS\\AION_CLASSIC'), ('eupath', 'E:\\JOGOS\\aionclassic')]
2023-05-21 19:15:12,587 [MainThread] -> [DEBUG] -> :: app_config_write() -> app_config_write: [('theme', 'System'), ('color', 'Dark-blue'), ('region', '3'), ('napath', 'E:\\JOGOS\\AION_CLASSIC'), ('eupath', 'E:\\JOGOS\\aionclassic')]
2023-05-21 19:15:12,648 [MainThread] -> [DEBUG] -> :: __init__() -> createTabs() class initialized.
2023-05-21 19:15:12,653 [MainThread] -> [DEBUG] -> :: app_config_read() -> app_config_read: [('theme', 'System'), ('color', 'Dark-blue'), ('region', '3'), ('napath', 'E:\\JOGOS\\AION_CLASSIC'), ('eupath', 'E:\\JOGOS\\aionclassic')]
2023-05-21 19:15:12,654 [MainThread] -> [DEBUG] -> :: __init__() -> app_config.items(): [('theme', 'System'), ('color', 'Dark-blue'), ('region', '3'), ('napath', 'E:\\JOGOS\\AION_CLASSIC'), ('eupath', 'E:\\JOGOS\\aionclassic')]
2023-05-21 19:15:12,659 [MainThread] -> [DEBUG] -> :: __init__() -> Tabs created.
2023-05-21 19:15:12,659 [MainThread] -> [DEBUG] -> :: app_config_read() -> app_config_read: [('theme', 'System'), ('color', 'Dark-blue'), ('region', '3'), ('napath', 'E:\\JOGOS\\AION_CLASSIC'), ('eupath', 'E:\\JOGOS\\aionclassic')]
2023-05-21 19:15:12,660 [MainThread] -> [INFO] -> :: first_run() :: Not the first run anymore!
2023-05-21 19:15:12,746 [MainThread] -> [DEBUG] -> :: __init__() -> Tabs populated.
2023-05-21 19:15:12,747 [MainThread] -> [DEBUG] -> :: app_config_read() -> app_config_read: [('theme', 'System'), ('color', 'Dark-blue'), ('region', '3'), ('napath', 'E:\\JOGOS\\AION_CLASSIC'), ('eupath', 'E:\\JOGOS\\aionclassic')]
2023-05-21 19:15:12,747 [MainThread] -> [DEBUG] -> :: __init__() -> Default values -> theme: System | region: 3 | napath: E:\JOGOS\AION_CLASSIC | eupath: E:\JOGOS\aionclassic | color: Dark-blue
2023-05-21 19:15:12,751 [MainThread] -> [DEBUG] -> :: __init__() -> Default values read.
2023-05-21 19:15:12,752 [MainThread] -> [DEBUG] -> :: change_color_event() -> Color changed to 'Azul-escuro'.
2023-05-21 19:15:13,306 [MainThread] -> [DEBUG] -> :: app_config_read() -> app_config_read: [('theme', 'System'), ('color', 'Dark-blue'), ('region', '3'), ('napath', 'E:\\JOGOS\\AION_CLASSIC'), ('eupath', 'E:\\JOGOS\\aionclassic')]
2023-05-21 19:15:13,307 [MainThread] -> [DEBUG] -> :: app_config_write() -> app_config_write: [('theme', 'System'), ('color', 'Green'), ('region', '3'), ('napath', 'E:\\JOGOS\\AION_CLASSIC'), ('eupath', 'E:\\JOGOS\\aionclassic')]
2023-05-21 19:15:13,321 [MainThread] -> [DEBUG] -> :: __init__() -> createTabs() class initialized.
2023-05-21 19:15:13,329 [MainThread] -> [DEBUG] -> :: app_config_read() -> app_config_read: [('theme', 'System'), ('color', 'Green'), ('region', '3'), ('napath', 'E:\\JOGOS\\AION_CLASSIC'), ('eupath', 'E:\\JOGOS\\aionclassic')]
2023-05-21 19:15:13,330 [MainThread] -> [DEBUG] -> :: __init__() -> app_config.items(): [('theme', 'System'), ('color', 'Green'), ('region', '3'), ('napath', 'E:\\JOGOS\\AION_CLASSIC'), ('eupath', 'E:\\JOGOS\\aionclassic')]
2023-05-21 19:15:13,338 [MainThread] -> [DEBUG] -> :: __init__() -> Tabs created.
2023-05-21 19:15:13,339 [MainThread] -> [DEBUG] -> :: app_config_read() -> app_config_read: [('theme', 'System'), ('color', 'Green'), ('region', '3'), ('napath', 'E:\\JOGOS\\AION_CLASSIC'), ('eupath', 'E:\\JOGOS\\aionclassic')]
2023-05-21 19:15:13,339 [MainThread] -> [INFO] -> :: first_run() :: Not the first run anymore!
2023-05-21 19:15:13,427 [MainThread] -> [DEBUG] -> :: __init__() -> Tabs populated.
2023-05-21 19:15:13,429 [MainThread] -> [DEBUG] -> :: app_config_read() -> app_config_read: [('theme', 'System'), ('color', 'Green'), ('region', '3'), ('napath', 'E:\\JOGOS\\AION_CLASSIC'), ('eupath', 'E:\\JOGOS\\aionclassic')]
2023-05-21 19:15:13,429 [MainThread] -> [DEBUG] -> :: __init__() -> Default values -> theme: System | region: 3 | napath: E:\JOGOS\AION_CLASSIC | eupath: E:\JOGOS\aionclassic | color: Green
2023-05-21 19:15:13,433 [MainThread] -> [DEBUG] -> :: __init__() -> Default values read.
2023-05-21 19:15:13,434 [MainThread] -> [DEBUG] -> :: change_color_event() -> Color changed to 'Verde'.
2023-05-21 19:15:14,544 [MainThread] -> [DEBUG] -> :: app_config_read() -> app_config_read: [('theme', 'System'), ('color', 'Green'), ('region', '3'), ('napath', 'E:\\JOGOS\\AION_CLASSIC'), ('eupath', 'E:\\JOGOS\\aionclassic')]
2023-05-21 19:15:14,547 [MainThread] -> [DEBUG] -> :: app_config_write() -> app_config_write: [('theme', 'System'), ('color', 'Blue'), ('region', '3'), ('napath', 'E:\\JOGOS\\AION_CLASSIC'), ('eupath', 'E:\\JOGOS\\aionclassic')]
2023-05-21 19:15:14,559 [MainThread] -> [DEBUG] -> :: __init__() -> createTabs() class initialized.
2023-05-21 19:15:14,562 [MainThread] -> [DEBUG] -> :: app_config_read() -> app_config_read: [('theme', 'System'), ('color', 'Blue'), ('region', '3'), ('napath', 'E:\\JOGOS\\AION_CLASSIC'), ('eupath', 'E:\\JOGOS\\aionclassic')]
2023-05-21 19:15:14,562 [MainThread] -> [DEBUG] -> :: __init__() -> app_config.items(): [('theme', 'System'), ('color', 'Blue'), ('region', '3'), ('napath', 'E:\\JOGOS\\AION_CLASSIC'), ('eupath', 'E:\\JOGOS\\aionclassic')]
2023-05-21 19:15:14,570 [MainThread] -> [DEBUG] -> :: __init__() -> Tabs created.
2023-05-21 19:15:14,571 [MainThread] -> [DEBUG] -> :: app_config_read() -> app_config_read: [('theme', 'System'), ('color', 'Blue'), ('region', '3'), ('napath', 'E:\\JOGOS\\AION_CLASSIC'), ('eupath', 'E:\\JOGOS\\aionclassic')]
2023-05-21 19:15:14,572 [MainThread] -> [INFO] -> :: first_run() :: Not the first run anymore!
2023-05-21 19:15:14,681 [MainThread] -> [DEBUG] -> :: __init__() -> Tabs populated.
2023-05-21 19:15:14,683 [MainThread] -> [DEBUG] -> :: app_config_read() -> app_config_read: [('theme', 'System'), ('color', 'Blue'), ('region', '3'), ('napath', 'E:\\JOGOS\\AION_CLASSIC'), ('eupath', 'E:\\JOGOS\\aionclassic')]
2023-05-21 19:15:14,683 [MainThread] -> [DEBUG] -> :: __init__() -> Default values -> theme: System | region: 3 | napath: E:\JOGOS\AION_CLASSIC | eupath: E:\JOGOS\aionclassic | color: Blue
2023-05-21 19:15:14,687 [MainThread] -> [DEBUG] -> :: __init__() -> Default values read.
2023-05-21 19:15:14,688 [MainThread] -> [DEBUG] -> :: change_color_event() -> Color changed to 'Azul'.
2023-05-21 19:15:17,546 [MainThread] -> [DEBUG] -> :: check_files_button() -> Verificar Todos button pressed.
2023-05-21 19:15:17,547 [MainThread] -> [DEBUG] -> :: app_config_read() -> app_config_read: [('theme', 'System'), ('color', 'Blue'), ('region', '3'), ('napath', 'E:\\JOGOS\\AION_CLASSIC'), ('eupath', 'E:\\JOGOS\\aionclassic')]
2023-05-21 19:15:17,548 [MainThread] -> [DEBUG] -> :: check_game_path() -> na_path: E:\JOGOS\AION_CLASSIC
2023-05-21 19:15:17,548 [MainThread] -> [DEBUG] -> :: check_game_path() -> eu_path: E:\JOGOS\aionclassic
2023-05-21 19:15:17,549 [Thread-1 (check_files_thread)] -> [DEBUG] -> :: check_files_thread() -> thread started.
2023-05-21 19:15:17,549 [Thread-2 (check_files_thread)] -> [DEBUG] -> :: check_files_thread() -> thread started.
2023-05-21 19:15:17,550 [Thread-3 (check_files_thread)] -> [DEBUG] -> :: check_files_thread() -> thread started.
2023-05-21 19:15:17,562 [Thread-1 (check_files_thread)] -> [DEBUG] -> :: app_config_read() -> app_config_read: [('theme', 'System'), ('color', 'Blue'), ('region', '3'), ('napath', 'E:\\JOGOS\\AION_CLASSIC'), ('eupath', 'E:\\JOGOS\\aionclassic')]
2023-05-21 19:15:17,563 [Thread-1 (check_files_thread)] -> [DEBUG] -> :: get_file_path() -> file_path: data\Strings.
2023-05-21 19:15:17,563 [Thread-1 (check_files_thread)] -> [DEBUG] -> :: app_config_read() -> app_config_read: [('theme', 'System'), ('color', 'Blue'), ('region', '3'), ('napath', 'E:\\JOGOS\\AION_CLASSIC'), ('eupath', 'E:\\JOGOS\\aionclassic')]
2023-05-21 19:15:17,564 [Thread-1 (check_files_thread)] -> [DEBUG] -> :: check_game_path() -> na_path: E:\JOGOS\AION_CLASSIC
2023-05-21 19:15:17,564 [Thread-1 (check_files_thread)] -> [DEBUG] -> :: check_game_path() -> eu_path: E:\JOGOS\aionclassic
2023-05-21 19:15:17,565 [Thread-1 (check_files_thread)] -> [DEBUG] -> :: app_config_read() -> app_config_read: [('theme', 'System'), ('color', 'Blue'), ('region', '3'), ('napath', 'E:\\JOGOS\\AION_CLASSIC'), ('eupath', 'E:\\JOGOS\\aionclassic')]
2023-05-21 19:15:17,565 [Thread-1 (check_files_thread)] -> [DEBUG] -> :: get_files() -> assets_full_file_path: ['.\\assets\\data\\Strings'] - full_file_path: ['E:\\JOGOS\\AION_CLASSIC\\l10n\\enu\\data\\Strings', 'E:\\JOGOS\\aionclassic\\l10n\\eng\\data\\Strings', 'E:\\JOGOS\\aionclassic\\l10n\\fra\\data\\Strings', 'E:\\JOGOS\\aionclassic\\l10n\\deu\\data\\Strings']
2023-05-21 19:15:17,565 [Thread-1 (check_files_thread)] -> [DEBUG] -> :: get_files() -> assets_dir: .\assets\data\Strings.
2023-05-21 19:15:17,566 [Thread-1 (check_files_thread)] -> [DEBUG] -> :: get_files() -> file_path -> check_hash_list[]: AY E:\JOGOS\AION_CLASSIC\l10n\enu\data\Strings\aionfilterline.dat
2023-05-21 19:15:17,566 [Thread-1 (check_files_thread)] -> [DEBUG] -> :: get_files() -> file_path -> check_hash_list[]: AY E:\JOGOS\aionclassic\l10n\eng\data\Strings\aionfilterline.dat
2023-05-21 19:15:17,567 [Thread-1 (check_files_thread)] -> [DEBUG] -> :: get_files() -> file_path -> check_hash_list[]: AY E:\JOGOS\aionclassic\l10n\fra\data\Strings\aionfilterline.dat
2023-05-21 19:15:17,567 [Thread-1 (check_files_thread)] -> [DEBUG] -> :: get_files() -> file_path -> check_hash_list[]: AY E:\JOGOS\aionclassic\l10n\deu\data\Strings\aionfilterline.dat
2023-05-21 19:15:17,567 [Thread-1 (check_files_thread)] -> [DEBUG] -> :: get_files() -> file_path -> check_hash_list[]: AY E:\JOGOS\AION_CLASSIC\l10n\enu\data\Strings\aionfilterline.pak
2023-05-21 19:15:17,568 [Thread-3 (check_files_thread)] -> [DEBUG] -> :: app_config_read() -> app_config_read: [('theme', 'System'), ('color', 'Blue'), ('region', '3'), ('napath', 'E:\\JOGOS\\AION_CLASSIC'), ('eupath', 'E:\\JOGOS\\aionclassic')]
2023-05-21 19:15:17,568 [Thread-1 (check_files_thread)] -> [DEBUG] -> :: get_files() -> file_path -> check_hash_list[]: AY E:\JOGOS\aionclassic\l10n\eng\data\Strings\aionfilterline.pak
2023-05-21 19:15:17,568 [Thread-3 (check_files_thread)] -> [DEBUG] -> :: get_file_path() -> file_path: sounds\voice.
2023-05-21 19:15:17,568 [Thread-2 (check_files_thread)] -> [DEBUG] -> :: app_config_read() -> app_config_read: [('theme', 'System'), ('color', 'Blue'), ('region', '3'), ('napath', 'E:\\JOGOS\\AION_CLASSIC'), ('eupath', 'E:\\JOGOS\\aionclassic')]
2023-05-21 19:15:17,568 [Thread-1 (check_files_thread)] -> [DEBUG] -> :: get_files() -> file_path -> check_hash_list[]: AY E:\JOGOS\aionclassic\l10n\fra\data\Strings\aionfilterline.pak
2023-05-21 19:15:17,569 [Thread-2 (check_files_thread)] -> [DEBUG] -> :: get_file_path() -> file_path: textures\ui.
2023-05-21 19:15:17,569 [Thread-3 (check_files_thread)] -> [DEBUG] -> :: app_config_read() -> app_config_read: [('theme', 'System'), ('color', 'Blue'), ('region', '3'), ('napath', 'E:\\JOGOS\\AION_CLASSIC'), ('eupath', 'E:\\JOGOS\\aionclassic')]
2023-05-21 19:15:17,569 [Thread-1 (check_files_thread)] -> [DEBUG] -> :: get_files() -> file_path -> check_hash_list[]: AY E:\JOGOS\aionclassic\l10n\deu\data\Strings\aionfilterline.pak
2023-05-21 19:15:17,570 [Thread-3 (check_files_thread)] -> [DEBUG] -> :: check_game_path() -> na_path: E:\JOGOS\AION_CLASSIC
2023-05-21 19:15:17,570 [Thread-1 (check_files_thread)] -> [DEBUG] -> :: get_files() -> check_hash_list: [['.\\assets\\data\\Strings\\aionfilterline.dat', 'E:\\JOGOS\\AION_CLASSIC\\l10n\\enu\\data\\Strings\\aionfilterline.dat'], ['.\\assets\\data\\Strings\\aionfilterline.dat', 'E:\\JOGOS\\aionclassic\\l10n\\eng\\data\\Strings\\aionfilterline.dat'], ['.\\assets\\data\\Strings\\aionfilterline.dat', 'E:\\JOGOS\\aionclassic\\l10n\\fra\\data\\Strings\\aionfilterline.dat'], ['.\\assets\\data\\Strings\\aionfilterline.dat', 'E:\\JOGOS\\aionclassic\\l10n\\deu\\data\\Strings\\aionfilterline.dat'], ['.\\assets\\data\\Strings\\aionfilterline.pak', 'E:\\JOGOS\\AION_CLASSIC\\l10n\\enu\\data\\Strings\\aionfilterline.pak'], ['.\\assets\\data\\Strings\\aionfilterline.pak', 'E:\\JOGOS\\aionclassic\\l10n\\eng\\data\\Strings\\aionfilterline.pak'], ['.\\assets\\data\\Strings\\aionfilterline.pak', 'E:\\JOGOS\\aionclassic\\l10n\\fra\\data\\Strings\\aionfilterline.pak'], ['.\\assets\\data\\Strings\\aionfilterline.pak', 'E:\\JOGOS\\aionclassic\\l10n\\deu\\data\\Strings\\aionfilterline.pak']]
2023-05-21 19:15:17,570 [Thread-2 (check_files_thread)] -> [DEBUG] -> :: app_config_read() -> app_config_read: [('theme', 'System'), ('color', 'Blue'), ('region', '3'), ('napath', 'E:\\JOGOS\\AION_CLASSIC'), ('eupath', 'E:\\JOGOS\\aionclassic')]
2023-05-21 19:15:17,571 [Thread-3 (check_files_thread)] -> [DEBUG] -> :: check_game_path() -> eu_path: E:\JOGOS\aionclassic
2023-05-21 19:15:17,571 [Thread-1 (check_files_thread)] -> [INFO] -> :: get_files() -> check_hash_list: 8 files need to be compared.
2023-05-21 19:15:17,572 [Thread-2 (check_files_thread)] -> [DEBUG] -> :: check_game_path() -> na_path: E:\JOGOS\AION_CLASSIC
2023-05-21 19:15:17,572 [Thread-1 (check_files_thread)] -> [DEBUG] -> :: get_files() -> copy_files_list: []
2023-05-21 19:15:17,572 [Thread-1 (check_files_thread)] -> [DEBUG] -> :: check_files() -> compared_files: 2 - ([['.\\assets\\data\\Strings\\aionfilterline.dat', 'E:\\JOGOS\\AION_CLASSIC\\l10n\\enu\\data\\Strings\\aionfilterline.dat'], ['.\\assets\\data\\Strings\\aionfilterline.dat', 'E:\\JOGOS\\aionclassic\\l10n\\eng\\data\\Strings\\aionfilterline.dat'], ['.\\assets\\data\\Strings\\aionfilterline.dat', 'E:\\JOGOS\\aionclassic\\l10n\\fra\\data\\Strings\\aionfilterline.dat'], ['.\\assets\\data\\Strings\\aionfilterline.dat', 'E:\\JOGOS\\aionclassic\\l10n\\deu\\data\\Strings\\aionfilterline.dat'], ['.\\assets\\data\\Strings\\aionfilterline.pak', 'E:\\JOGOS\\AION_CLASSIC\\l10n\\enu\\data\\Strings\\aionfilterline.pak'], ['.\\assets\\data\\Strings\\aionfilterline.pak', 'E:\\JOGOS\\aionclassic\\l10n\\eng\\data\\Strings\\aionfilterline.pak'], ['.\\assets\\data\\Strings\\aionfilterline.pak', 'E:\\JOGOS\\aionclassic\\l10n\\fra\\data\\Strings\\aionfilterline.pak'], ['.\\assets\\data\\Strings\\aionfilterline.pak', 'E:\\JOGOS\\aionclassic\\l10n\\deu\\data\\Strings\\aionfilterline.pak']], [])
2023-05-21 19:15:17,573 [Thread-2 (check_files_thread)] -> [DEBUG] -> :: check_game_path() -> eu_path: E:\JOGOS\aionclassic
2023-05-21 19:15:17,573 [Thread-3 (check_files_thread)] -> [DEBUG] -> :: app_config_read() -> app_config_read: [('theme', 'System'), ('color', 'Blue'), ('region', '3'), ('napath', 'E:\\JOGOS\\AION_CLASSIC'), ('eupath', 'E:\\JOGOS\\aionclassic')]
2023-05-21 19:15:17,573 [Thread-1 (check_files_thread)] -> [DEBUG] -> :: compare_files_hash() -> compared_files: 2 ([['.\\assets\\data\\Strings\\aionfilterline.dat', 'E:\\JOGOS\\AION_CLASSIC\\l10n\\enu\\data\\Strings\\aionfilterline.dat'], ['.\\assets\\data\\Strings\\aionfilterline.dat', 'E:\\JOGOS\\aionclassic\\l10n\\eng\\data\\Strings\\aionfilterline.dat'], ['.\\assets\\data\\Strings\\aionfilterline.dat', 'E:\\JOGOS\\aionclassic\\l10n\\fra\\data\\Strings\\aionfilterline.dat'], ['.\\assets\\data\\Strings\\aionfilterline.dat', 'E:\\JOGOS\\aionclassic\\l10n\\deu\\data\\Strings\\aionfilterline.dat'], ['.\\assets\\data\\Strings\\aionfilterline.pak', 'E:\\JOGOS\\AION_CLASSIC\\l10n\\enu\\data\\Strings\\aionfilterline.pak'], ['.\\assets\\data\\Strings\\aionfilterline.pak', 'E:\\JOGOS\\aionclassic\\l10n\\eng\\data\\Strings\\aionfilterline.pak'], ['.\\assets\\data\\Strings\\aionfilterline.pak', 'E:\\JOGOS\\aionclassic\\l10n\\fra\\data\\Strings\\aionfilterline.pak'], ['.\\assets\\data\\Strings\\aionfilterline.pak', 'E:\\JOGOS\\aionclassic\\l10n\\deu\\data\\Strings\\aionfilterline.pak']], []).
2023-05-21 19:15:17,574 [Thread-3 (check_files_thread)] -> [DEBUG] -> :: get_files() -> assets_full_file_path: ['.\\assets\\sounds\\voice'] - full_file_path: ['E:\\JOGOS\\AION_CLASSIC\\l10n\\enu\\sounds\\voice', 'E:\\JOGOS\\aionclassic\\l10n\\eng\\sounds\\voice', 'E:\\JOGOS\\aionclassic\\l10n\\fra\\sounds\\voice', 'E:\\JOGOS\\aionclassic\\l10n\\deu\\sounds\\voice']
2023-05-21 19:15:17,575 [Thread-2 (check_files_thread)] -> [DEBUG] -> :: app_config_read() -> app_config_read: [('theme', 'System'), ('color', 'Blue'), ('region', '3'), ('napath', 'E:\\JOGOS\\AION_CLASSIC'), ('eupath', 'E:\\JOGOS\\aionclassic')]
2023-05-21 19:15:17,575 [Thread-1 (check_files_thread)] -> [DEBUG] -> :: compare_files_hash() -> asset_file: .\assets\data\Strings\aionfilterline.dat.
2023-05-21 19:15:17,576 [Thread-3 (check_files_thread)] -> [DEBUG] -> :: get_files() -> assets_dir: .\assets\sounds\voice.
2023-05-21 19:15:17,576 [Thread-2 (check_files_thread)] -> [DEBUG] -> :: get_files() -> assets_full_file_path: ['.\\assets\\textures\\ui'] - full_file_path: ['E:\\JOGOS\\AION_CLASSIC\\l10n\\enu\\textures\\ui', 'E:\\JOGOS\\aionclassic\\l10n\\eng\\textures\\ui', 'E:\\JOGOS\\aionclassic\\l10n\\fra\\textures\\ui', 'E:\\JOGOS\\aionclassic\\l10n\\deu\\textures\\ui']
2023-05-21 19:15:17,577 [Thread-2 (check_files_thread)] -> [DEBUG] -> :: get_files() -> assets_dir: .\assets\textures\ui.
2023-05-21 19:15:17,577 [Thread-1 (check_files_thread)] -> [DEBUG] -> :: compare_files_hash() -> game_file: E:\JOGOS\AION_CLASSIC\l10n\enu\data\Strings\aionfilterline.dat.
2023-05-21 19:15:17,578 [Thread-2 (check_files_thread)] -> [DEBUG] -> :: get_files() -> file_path -> check_hash_list[]: AY E:\JOGOS\AION_CLASSIC\l10n\enu\textures\ui\hit_number.pak
2023-05-21 19:15:17,578 [Thread-3 (check_files_thread)] -> [DEBUG] -> :: get_files() -> file_path -> check_hash_list[]: AY E:\JOGOS\AION_CLASSIC\l10n\enu\sounds\voice\attack\attack.pak
2023-05-21 19:15:17,578 [Thread-1 (check_files_thread)] -> [DEBUG] -> :: compare_files_hash() -> asset_file: .\assets\data\Strings\aionfilterline.dat.
2023-05-21 19:15:17,578 [Thread-2 (check_files_thread)] -> [DEBUG] -> :: get_files() -> file_path -> check_hash_list[]: AY E:\JOGOS\aionclassic\l10n\eng\textures\ui\hit_number.pak
2023-05-21 19:15:17,578 [Thread-3 (check_files_thread)] -> [DEBUG] -> :: get_files() -> file_path -> check_hash_list[]: AY E:\JOGOS\aionclassic\l10n\eng\sounds\voice\attack\attack.pak
2023-05-21 19:15:17,579 [Thread-1 (check_files_thread)] -> [DEBUG] -> :: compare_files_hash() -> game_file: E:\JOGOS\aionclassic\l10n\eng\data\Strings\aionfilterline.dat.
2023-05-21 19:15:17,579 [Thread-2 (check_files_thread)] -> [DEBUG] -> :: get_files() -> file_path -> check_hash_list[]: AY E:\JOGOS\aionclassic\l10n\fra\textures\ui\hit_number.pak
2023-05-21 19:15:17,579 [Thread-3 (check_files_thread)] -> [DEBUG] -> :: get_files() -> file_path -> check_hash_list[]: AY E:\JOGOS\aionclassic\l10n\fra\sounds\voice\attack\attack.pak
2023-05-21 19:15:17,580 [Thread-1 (check_files_thread)] -> [DEBUG] -> :: compare_files_hash() -> asset_file: .\assets\data\Strings\aionfilterline.dat.
2023-05-21 19:15:17,580 [Thread-2 (check_files_thread)] -> [DEBUG] -> :: get_files() -> file_path -> check_hash_list[]: AY E:\JOGOS\aionclassic\l10n\deu\textures\ui\hit_number.pak
2023-05-21 19:15:17,580 [Thread-3 (check_files_thread)] -> [DEBUG] -> :: get_files() -> file_path -> check_hash_list[]: AY E:\JOGOS\aionclassic\l10n\deu\sounds\voice\attack\attack.pak
2023-05-21 19:15:17,580 [Thread-2 (check_files_thread)] -> [DEBUG] -> :: get_files() -> check_hash_list: [['.\\assets\\textures\\ui\\hit_number.pak', 'E:\\JOGOS\\AION_CLASSIC\\l10n\\enu\\textures\\ui\\hit_number.pak'], ['.\\assets\\textures\\ui\\hit_number.pak', 'E:\\JOGOS\\aionclassic\\l10n\\eng\\textures\\ui\\hit_number.pak'], ['.\\assets\\textures\\ui\\hit_number.pak', 'E:\\JOGOS\\aionclassic\\l10n\\fra\\textures\\ui\\hit_number.pak'], ['.\\assets\\textures\\ui\\hit_number.pak', 'E:\\JOGOS\\aionclassic\\l10n\\deu\\textures\\ui\\hit_number.pak']]
2023-05-21 19:15:17,581 [Thread-1 (check_files_thread)] -> [DEBUG] -> :: compare_files_hash() -> game_file: E:\JOGOS\aionclassic\l10n\fra\data\Strings\aionfilterline.dat.
2023-05-21 19:15:17,581 [Thread-2 (check_files_thread)] -> [INFO] -> :: get_files() -> check_hash_list: 4 files need to be compared.
2023-05-21 19:15:17,581 [Thread-3 (check_files_thread)] -> [DEBUG] -> :: get_files() -> file_path -> check_hash_list[]: AY E:\JOGOS\AION_CLASSIC\l10n\enu\sounds\voice\cast\cast.pak
2023-05-21 19:15:17,582 [Thread-2 (check_files_thread)] -> [DEBUG] -> :: get_files() -> copy_files_list: []
2023-05-21 19:15:17,582 [Thread-1 (check_files_thread)] -> [DEBUG] -> :: compare_files_hash() -> asset_file: .\assets\data\Strings\aionfilterline.dat.
2023-05-21 19:15:17,582 [Thread-2 (check_files_thread)] -> [DEBUG] -> :: check_files() -> compared_files: 2 - ([['.\\assets\\textures\\ui\\hit_number.pak', 'E:\\JOGOS\\AION_CLASSIC\\l10n\\enu\\textures\\ui\\hit_number.pak'], ['.\\assets\\textures\\ui\\hit_number.pak', 'E:\\JOGOS\\aionclassic\\l10n\\eng\\textures\\ui\\hit_number.pak'], ['.\\assets\\textures\\ui\\hit_number.pak', 'E:\\JOGOS\\aionclassic\\l10n\\fra\\textures\\ui\\hit_number.pak'], ['.\\assets\\textures\\ui\\hit_number.pak', 'E:\\JOGOS\\aionclassic\\l10n\\deu\\textures\\ui\\hit_number.pak']], [])
2023-05-21 19:15:17,582 [Thread-3 (check_files_thread)] -> [DEBUG] -> :: get_files() -> file_path -> check_hash_list[]: AY E:\JOGOS\aionclassic\l10n\eng\sounds\voice\cast\cast.pak
2023-05-21 19:15:17,583 [Thread-1 (check_files_thread)] -> [DEBUG] -> :: compare_files_hash() -> game_file: E:\JOGOS\aionclassic\l10n\deu\data\Strings\aionfilterline.dat.
2023-05-21 19:15:17,583 [Thread-2 (check_files_thread)] -> [DEBUG] -> :: compare_files_hash() -> compared_files: 2 ([['.\\assets\\textures\\ui\\hit_number.pak', 'E:\\JOGOS\\AION_CLASSIC\\l10n\\enu\\textures\\ui\\hit_number.pak'], ['.\\assets\\textures\\ui\\hit_number.pak', 'E:\\JOGOS\\aionclassic\\l10n\\eng\\textures\\ui\\hit_number.pak'], ['.\\assets\\textures\\ui\\hit_number.pak', 'E:\\JOGOS\\aionclassic\\l10n\\fra\\textures\\ui\\hit_number.pak'], ['.\\assets\\textures\\ui\\hit_number.pak', 'E:\\JOGOS\\aionclassic\\l10n\\deu\\textures\\ui\\hit_number.pak']], []).
2023-05-21 19:15:17,584 [Thread-3 (check_files_thread)] -> [DEBUG] -> :: get_files() -> file_path -> check_hash_list[]: AY E:\JOGOS\aionclassic\l10n\fra\sounds\voice\cast\cast.pak
2023-05-21 19:15:17,584 [Thread-1 (check_files_thread)] -> [DEBUG] -> :: compare_files_hash() -> asset_file: .\assets\data\Strings\aionfilterline.pak.
2023-05-21 19:15:17,584 [Thread-2 (check_files_thread)] -> [DEBUG] -> :: compare_files_hash() -> asset_file: .\assets\textures\ui\hit_number.pak.
2023-05-21 19:15:17,585 [Thread-3 (check_files_thread)] -> [DEBUG] -> :: get_files() -> file_path -> check_hash_list[]: AY E:\JOGOS\aionclassic\l10n\deu\sounds\voice\cast\cast.pak
2023-05-21 19:15:17,585 [Thread-1 (check_files_thread)] -> [DEBUG] -> :: compare_files_hash() -> game_file: E:\JOGOS\AION_CLASSIC\l10n\enu\data\Strings\aionfilterline.pak.
2023-05-21 19:15:17,586 [Thread-2 (check_files_thread)] -> [DEBUG] -> :: compare_files_hash() -> game_file: E:\JOGOS\AION_CLASSIC\l10n\enu\textures\ui\hit_number.pak.
2023-05-21 19:15:17,586 [Thread-3 (check_files_thread)] -> [DEBUG] -> :: get_files() -> file_path -> check_hash_list[]: AY E:\JOGOS\AION_CLASSIC\l10n\enu\sounds\voice\damage\damage.pak
2023-05-21 19:15:17,586 [Thread-1 (check_files_thread)] -> [DEBUG] -> :: compare_files_hash() -> asset_file: .\assets\data\Strings\aionfilterline.pak.
2023-05-21 19:15:17,587 [Thread-3 (check_files_thread)] -> [DEBUG] -> :: get_files() -> file_path -> check_hash_list[]: AY E:\JOGOS\aionclassic\l10n\eng\sounds\voice\damage\damage.pak
2023-05-21 19:15:17,587 [Thread-2 (check_files_thread)] -> [DEBUG] -> :: compare_files_hash() -> asset_file: .\assets\textures\ui\hit_number.pak.
2023-05-21 19:15:17,587 [Thread-1 (check_files_thread)] -> [DEBUG] -> :: compare_files_hash() -> game_file: E:\JOGOS\aionclassic\l10n\eng\data\Strings\aionfilterline.pak.
2023-05-21 19:15:17,587 [Thread-3 (check_files_thread)] -> [DEBUG] -> :: get_files() -> file_path -> check_hash_list[]: AY E:\JOGOS\aionclassic\l10n\fra\sounds\voice\damage\damage.pak
2023-05-21 19:15:17,588 [Thread-2 (check_files_thread)] -> [DEBUG] -> :: compare_files_hash() -> game_file: E:\JOGOS\aionclassic\l10n\eng\textures\ui\hit_number.pak.
2023-05-21 19:15:17,588 [Thread-3 (check_files_thread)] -> [DEBUG] -> :: get_files() -> file_path -> check_hash_list[]: AY E:\JOGOS\aionclassic\l10n\deu\sounds\voice\damage\damage.pak
2023-05-21 19:15:17,588 [Thread-1 (check_files_thread)] -> [DEBUG] -> :: compare_files_hash() -> asset_file: .\assets\data\Strings\aionfilterline.pak.
2023-05-21 19:15:17,589 [Thread-2 (check_files_thread)] -> [DEBUG] -> :: compare_files_hash() -> asset_file: .\assets\textures\ui\hit_number.pak.
2023-05-21 19:15:17,589 [Thread-1 (check_files_thread)] -> [DEBUG] -> :: compare_files_hash() -> game_file: E:\JOGOS\aionclassic\l10n\fra\data\Strings\aionfilterline.pak.
2023-05-21 19:15:17,589 [Thread-3 (check_files_thread)] -> [DEBUG] -> :: get_files() -> file_path -> check_hash_list[]: AY E:\JOGOS\AION_CLASSIC\l10n\enu\sounds\voice\defence\defence.pak
2023-05-21 19:15:17,590 [Thread-2 (check_files_thread)] -> [DEBUG] -> :: compare_files_hash() -> game_file: E:\JOGOS\aionclassic\l10n\fra\textures\ui\hit_number.pak.
2023-05-21 19:15:17,590 [Thread-1 (check_files_thread)] -> [DEBUG] -> :: compare_files_hash() -> asset_file: .\assets\data\Strings\aionfilterline.pak.
2023-05-21 19:15:17,590 [Thread-3 (check_files_thread)] -> [DEBUG] -> :: get_files() -> file_path -> check_hash_list[]: AY E:\JOGOS\aionclassic\l10n\eng\sounds\voice\defence\defence.pak
2023-05-21 19:15:17,590 [Thread-2 (check_files_thread)] -> [DEBUG] -> :: compare_files_hash() -> asset_file: .\assets\textures\ui\hit_number.pak.
2023-05-21 19:15:17,591 [Thread-1 (check_files_thread)] -> [DEBUG] -> :: compare_files_hash() -> game_file: E:\JOGOS\aionclassic\l10n\deu\data\Strings\aionfilterline.pak.
2023-05-21 19:15:17,591 [Thread-3 (check_files_thread)] -> [DEBUG] -> :: get_files() -> file_path -> check_hash_list[]: AY E:\JOGOS\aionclassic\l10n\fra\sounds\voice\defence\defence.pak
2023-05-21 19:15:17,591 [Thread-2 (check_files_thread)] -> [DEBUG] -> :: compare_files_hash() -> game_file: E:\JOGOS\aionclassic\l10n\deu\textures\ui\hit_number.pak.
2023-05-21 19:15:17,591 [Thread-3 (check_files_thread)] -> [DEBUG] -> :: get_files() -> file_path -> check_hash_list[]: AY E:\JOGOS\aionclassic\l10n\deu\sounds\voice\defence\defence.pak
2023-05-21 19:15:17,592 [Thread-1 (check_files_thread)] -> [DEBUG] -> :: compare_files_hash() -> copy_files_list: 0 [].
2023-05-21 19:15:17,592 [Thread-1 (check_files_thread)] -> [INFO] -> :: compare_files_hash() -> copy_files_list: 0 files need to be moved.
2023-05-21 19:15:17,592 [Thread-2 (check_files_thread)] -> [DEBUG] -> :: compare_files_hash() -> copy_files_list: 0 [].
2023-05-21 19:15:17,593 [Thread-3 (check_files_thread)] -> [DEBUG] -> :: get_files() -> file_path -> check_hash_list[]: AY E:\JOGOS\AION_CLASSIC\l10n\enu\sounds\voice\login\login.pak
2023-05-21 19:15:17,593 [Thread-2 (check_files_thread)] -> [INFO] -> :: compare_files_hash() -> copy_files_list: 0 files need to be moved.
2023-05-21 19:15:17,593 [Thread-1 (check_files_thread)] -> [DEBUG] -> :: check_files() -> copy_files_check: 0 - check_all :: []
2023-05-21 19:15:17,593 [Thread-3 (check_files_thread)] -> [DEBUG] -> :: get_files() -> file_path -> check_hash_list[]: AY E:\JOGOS\aionclassic\l10n\eng\sounds\voice\login\login.pak
2023-05-21 19:15:17,594 [Thread-1 (check_files_thread)] -> [DEBUG] -> :: check_files() -> copy_files_check: 0 [].
2023-05-21 19:15:17,594 [Thread-2 (check_files_thread)] -> [DEBUG] -> :: check_files() -> copy_files_check: 0 - check_all :: []
2023-05-21 19:15:17,594 [Thread-3 (check_files_thread)] -> [DEBUG] -> :: get_files() -> file_path -> check_hash_list[]: AY E:\JOGOS\aionclassic\l10n\fra\sounds\voice\login\login.pak
2023-05-21 19:15:17,595 [Thread-2 (check_files_thread)] -> [DEBUG] -> :: check_files() -> copy_files_check: 0 [].
2023-05-21 19:15:17,596 [Thread-3 (check_files_thread)] -> [DEBUG] -> :: get_files() -> file_path -> check_hash_list[]: AY E:\JOGOS\aionclassic\l10n\deu\sounds\voice\login\login.pak
2023-05-21 19:15:17,597 [Thread-3 (check_files_thread)] -> [DEBUG] -> :: get_files() -> file_path -> check_hash_list[]: AY E:\JOGOS\AION_CLASSIC\l10n\enu\sounds\voice\motion\motion.pak
2023-05-21 19:15:17,597 [Thread-3 (check_files_thread)] -> [DEBUG] -> :: get_files() -> file_path -> check_hash_list[]: AY E:\JOGOS\aionclassic\l10n\eng\sounds\voice\motion\motion.pak
2023-05-21 19:15:17,598 [Thread-3 (check_files_thread)] -> [DEBUG] -> :: get_files() -> file_path -> check_hash_list[]: AY E:\JOGOS\aionclassic\l10n\fra\sounds\voice\motion\motion.pak
2023-05-21 19:15:17,598 [Thread-3 (check_files_thread)] -> [DEBUG] -> :: get_files() -> file_path -> check_hash_list[]: AY E:\JOGOS\aionclassic\l10n\deu\sounds\voice\motion\motion.pak
2023-05-21 19:15:17,599 [Thread-3 (check_files_thread)] -> [DEBUG] -> :: get_files() -> check_hash_list: [['.\\assets\\sounds\\voice\\attack\\attack.pak', 'E:\\JOGOS\\AION_CLASSIC\\l10n\\enu\\sounds\\voice\\attack\\attack.pak'], ['.\\assets\\sounds\\voice\\attack\\attack.pak', 'E:\\JOGOS\\aionclassic\\l10n\\eng\\sounds\\voice\\attack\\attack.pak'], ['.\\assets\\sounds\\voice\\attack\\attack.pak', 'E:\\JOGOS\\aionclassic\\l10n\\fra\\sounds\\voice\\attack\\attack.pak'], ['.\\assets\\sounds\\voice\\attack\\attack.pak', 'E:\\JOGOS\\aionclassic\\l10n\\deu\\sounds\\voice\\attack\\attack.pak'], ['.\\assets\\sounds\\voice\\cast\\cast.pak', 'E:\\JOGOS\\AION_CLASSIC\\l10n\\enu\\sounds\\voice\\cast\\cast.pak'], ['.\\assets\\sounds\\voice\\cast\\cast.pak', 'E:\\JOGOS\\aionclassic\\l10n\\eng\\sounds\\voice\\cast\\cast.pak'], ['.\\assets\\sounds\\voice\\cast\\cast.pak', 'E:\\JOGOS\\aionclassic\\l10n\\fra\\sounds\\voice\\cast\\cast.pak'], ['.\\assets\\sounds\\voice\\cast\\cast.pak', 'E:\\JOGOS\\aionclassic\\l10n\\deu\\sounds\\voice\\cast\\cast.pak'], ['.\\assets\\sounds\\voice\\damage\\damage.pak', 'E:\\JOGOS\\AION_CLASSIC\\l10n\\enu\\sounds\\voice\\damage\\damage.pak'], ['.\\assets\\sounds\\voice\\damage\\damage.pak', 'E:\\JOGOS\\aionclassic\\l10n\\eng\\sounds\\voice\\damage\\damage.pak'], ['.\\assets\\sounds\\voice\\damage\\damage.pak', 'E:\\JOGOS\\aionclassic\\l10n\\fra\\sounds\\voice\\damage\\damage.pak'], ['.\\assets\\sounds\\voice\\damage\\damage.pak', 'E:\\JOGOS\\aionclassic\\l10n\\deu\\sounds\\voice\\damage\\damage.pak'], ['.\\assets\\sounds\\voice\\defence\\defence.pak', 'E:\\JOGOS\\AION_CLASSIC\\l10n\\enu\\sounds\\voice\\defence\\defence.pak'], ['.\\assets\\sounds\\voice\\defence\\defence.pak', 'E:\\JOGOS\\aionclassic\\l10n\\eng\\sounds\\voice\\defence\\defence.pak'], ['.\\assets\\sounds\\voice\\defence\\defence.pak', 'E:\\JOGOS\\aionclassic\\l10n\\fra\\sounds\\voice\\defence\\defence.pak'], ['.\\assets\\sounds\\voice\\defence\\defence.pak', 'E:\\JOGOS\\aionclassic\\l10n\\deu\\sounds\\voice\\defence\\defence.pak'], ['.\\assets\\sounds\\voice\\login\\login.pak', 'E:\\JOGOS\\AION_CLASSIC\\l10n\\enu\\sounds\\voice\\login\\login.pak'], ['.\\assets\\sounds\\voice\\login\\login.pak', 'E:\\JOGOS\\aionclassic\\l10n\\eng\\sounds\\voice\\login\\login.pak'], ['.\\assets\\sounds\\voice\\login\\login.pak', 'E:\\JOGOS\\aionclassic\\l10n\\fra\\sounds\\voice\\login\\login.pak'], ['.\\assets\\sounds\\voice\\login\\login.pak', 'E:\\JOGOS\\aionclassic\\l10n\\deu\\sounds\\voice\\login\\login.pak'], ['.\\assets\\sounds\\voice\\motion\\motion.pak', 'E:\\JOGOS\\AION_CLASSIC\\l10n\\enu\\sounds\\voice\\motion\\motion.pak'], ['.\\assets\\sounds\\voice\\motion\\motion.pak', 'E:\\JOGOS\\aionclassic\\l10n\\eng\\sounds\\voice\\motion\\motion.pak'], ['.\\assets\\sounds\\voice\\motion\\motion.pak', 'E:\\JOGOS\\aionclassic\\l10n\\fra\\sounds\\voice\\motion\\motion.pak'], ['.\\assets\\sounds\\voice\\motion\\motion.pak', 'E:\\JOGOS\\aionclassic\\l10n\\deu\\sounds\\voice\\motion\\motion.pak']]
2023-05-21 19:15:17,601 [Thread-3 (check_files_thread)] -> [INFO] -> :: get_files() -> check_hash_list: 24 files need to be compared.
2023-05-21 19:15:17,602 [Thread-3 (check_files_thread)] -> [DEBUG] -> :: get_files() -> copy_files_list: []
2023-05-21 19:15:17,602 [Thread-3 (check_files_thread)] -> [DEBUG] -> :: check_files() -> compared_files: 2 - ([['.\\assets\\sounds\\voice\\attack\\attack.pak', 'E:\\JOGOS\\AION_CLASSIC\\l10n\\enu\\sounds\\voice\\attack\\attack.pak'], ['.\\assets\\sounds\\voice\\attack\\attack.pak', 'E:\\JOGOS\\aionclassic\\l10n\\eng\\sounds\\voice\\attack\\attack.pak'], ['.\\assets\\sounds\\voice\\attack\\attack.pak', 'E:\\JOGOS\\aionclassic\\l10n\\fra\\sounds\\voice\\attack\\attack.pak'], ['.\\assets\\sounds\\voice\\attack\\attack.pak', 'E:\\JOGOS\\aionclassic\\l10n\\deu\\sounds\\voice\\attack\\attack.pak'], ['.\\assets\\sounds\\voice\\cast\\cast.pak', 'E:\\JOGOS\\AION_CLASSIC\\l10n\\enu\\sounds\\voice\\cast\\cast.pak'], ['.\\assets\\sounds\\voice\\cast\\cast.pak', 'E:\\JOGOS\\aionclassic\\l10n\\eng\\sounds\\voice\\cast\\cast.pak'], ['.\\assets\\sounds\\voice\\cast\\cast.pak', 'E:\\JOGOS\\aionclassic\\l10n\\fra\\sounds\\voice\\cast\\cast.pak'], ['.\\assets\\sounds\\voice\\cast\\cast.pak', 'E:\\JOGOS\\aionclassic\\l10n\\deu\\sounds\\voice\\cast\\cast.pak'], ['.\\assets\\sounds\\voice\\damage\\damage.pak', 'E:\\JOGOS\\AION_CLASSIC\\l10n\\enu\\sounds\\voice\\damage\\damage.pak'], ['.\\assets\\sounds\\voice\\damage\\damage.pak', 'E:\\JOGOS\\aionclassic\\l10n\\eng\\sounds\\voice\\damage\\damage.pak'], ['.\\assets\\sounds\\voice\\damage\\damage.pak', 'E:\\JOGOS\\aionclassic\\l10n\\fra\\sounds\\voice\\damage\\damage.pak'], ['.\\assets\\sounds\\voice\\damage\\damage.pak', 'E:\\JOGOS\\aionclassic\\l10n\\deu\\sounds\\voice\\damage\\damage.pak'], ['.\\assets\\sounds\\voice\\defence\\defence.pak', 'E:\\JOGOS\\AION_CLASSIC\\l10n\\enu\\sounds\\voice\\defence\\defence.pak'], ['.\\assets\\sounds\\voice\\defence\\defence.pak', 'E:\\JOGOS\\aionclassic\\l10n\\eng\\sounds\\voice\\defence\\defence.pak'], ['.\\assets\\sounds\\voice\\defence\\defence.pak', 'E:\\JOGOS\\aionclassic\\l10n\\fra\\sounds\\voice\\defence\\defence.pak'], ['.\\assets\\sounds\\voice\\defence\\defence.pak', 'E:\\JOGOS\\aionclassic\\l10n\\deu\\sounds\\voice\\defence\\defence.pak'], ['.\\assets\\sounds\\voice\\login\\login.pak', 'E:\\JOGOS\\AION_CLASSIC\\l10n\\enu\\sounds\\voice\\login\\login.pak'], ['.\\assets\\sounds\\voice\\login\\login.pak', 'E:\\JOGOS\\aionclassic\\l10n\\eng\\sounds\\voice\\login\\login.pak'], ['.\\assets\\sounds\\voice\\login\\login.pak', 'E:\\JOGOS\\aionclassic\\l10n\\fra\\sounds\\voice\\login\\login.pak'], ['.\\assets\\sounds\\voice\\login\\login.pak', 'E:\\JOGOS\\aionclassic\\l10n\\deu\\sounds\\voice\\login\\login.pak'], ['.\\assets\\sounds\\voice\\motion\\motion.pak', 'E:\\JOGOS\\AION_CLASSIC\\l10n\\enu\\sounds\\voice\\motion\\motion.pak'], ['.\\assets\\sounds\\voice\\motion\\motion.pak', 'E:\\JOGOS\\aionclassic\\l10n\\eng\\sounds\\voice\\motion\\motion.pak'], ['.\\assets\\sounds\\voice\\motion\\motion.pak', 'E:\\JOGOS\\aionclassic\\l10n\\fra\\sounds\\voice\\motion\\motion.pak'], ['.\\assets\\sounds\\voice\\motion\\motion.pak', 'E:\\JOGOS\\aionclassic\\l10n\\deu\\sounds\\voice\\motion\\motion.pak']], [])
2023-05-21 19:15:17,605 [Thread-3 (check_files_thread)] -> [DEBUG] -> :: compare_files_hash() -> compared_files: 2 ([['.\\assets\\sounds\\voice\\attack\\attack.pak', 'E:\\JOGOS\\AION_CLASSIC\\l10n\\enu\\sounds\\voice\\attack\\attack.pak'], ['.\\assets\\sounds\\voice\\attack\\attack.pak', 'E:\\JOGOS\\aionclassic\\l10n\\eng\\sounds\\voice\\attack\\attack.pak'], ['.\\assets\\sounds\\voice\\attack\\attack.pak', 'E:\\JOGOS\\aionclassic\\l10n\\fra\\sounds\\voice\\attack\\attack.pak'], ['.\\assets\\sounds\\voice\\attack\\attack.pak', 'E:\\JOGOS\\aionclassic\\l10n\\deu\\sounds\\voice\\attack\\attack.pak'], ['.\\assets\\sounds\\voice\\cast\\cast.pak', 'E:\\JOGOS\\AION_CLASSIC\\l10n\\enu\\sounds\\voice\\cast\\cast.pak'], ['.\\assets\\sounds\\voice\\cast\\cast.pak', 'E:\\JOGOS\\aionclassic\\l10n\\eng\\sounds\\voice\\cast\\cast.pak'], ['.\\assets\\sounds\\voice\\cast\\cast.pak', 'E:\\JOGOS\\aionclassic\\l10n\\fra\\sounds\\voice\\cast\\cast.pak'], ['.\\assets\\sounds\\voice\\cast\\cast.pak', 'E:\\JOGOS\\aionclassic\\l10n\\deu\\sounds\\voice\\cast\\cast.pak'], ['.\\assets\\sounds\\voice\\damage\\damage.pak', 'E:\\JOGOS\\AION_CLASSIC\\l10n\\enu\\sounds\\voice\\damage\\damage.pak'], ['.\\assets\\sounds\\voice\\damage\\damage.pak', 'E:\\JOGOS\\aionclassic\\l10n\\eng\\sounds\\voice\\damage\\damage.pak'], ['.\\assets\\sounds\\voice\\damage\\damage.pak', 'E:\\JOGOS\\aionclassic\\l10n\\fra\\sounds\\voice\\damage\\damage.pak'], ['.\\assets\\sounds\\voice\\damage\\damage.pak', 'E:\\JOGOS\\aionclassic\\l10n\\deu\\sounds\\voice\\damage\\damage.pak'], ['.\\assets\\sounds\\voice\\defence\\defence.pak', 'E:\\JOGOS\\AION_CLASSIC\\l10n\\enu\\sounds\\voice\\defence\\defence.pak'], ['.\\assets\\sounds\\voice\\defence\\defence.pak', 'E:\\JOGOS\\aionclassic\\l10n\\eng\\sounds\\voice\\defence\\defence.pak'], ['.\\assets\\sounds\\voice\\defence\\defence.pak', 'E:\\JOGOS\\aionclassic\\l10n\\fra\\sounds\\voice\\defence\\defence.pak'], ['.\\assets\\sounds\\voice\\defence\\defence.pak', 'E:\\JOGOS\\aionclassic\\l10n\\deu\\sounds\\voice\\defence\\defence.pak'], ['.\\assets\\sounds\\voice\\login\\login.pak', 'E:\\JOGOS\\AION_CLASSIC\\l10n\\enu\\sounds\\voice\\login\\login.pak'], ['.\\assets\\sounds\\voice\\login\\login.pak', 'E:\\JOGOS\\aionclassic\\l10n\\eng\\sounds\\voice\\login\\login.pak'], ['.\\assets\\sounds\\voice\\login\\login.pak', 'E:\\JOGOS\\aionclassic\\l10n\\fra\\sounds\\voice\\login\\login.pak'], ['.\\assets\\sounds\\voice\\login\\login.pak', 'E:\\JOGOS\\aionclassic\\l10n\\deu\\sounds\\voice\\login\\login.pak'], ['.\\assets\\sounds\\voice\\motion\\motion.pak', 'E:\\JOGOS\\AION_CLASSIC\\l10n\\enu\\sounds\\voice\\motion\\motion.pak'], ['.\\assets\\sounds\\voice\\motion\\motion.pak', 'E:\\JOGOS\\aionclassic\\l10n\\eng\\sounds\\voice\\motion\\motion.pak'], ['.\\assets\\sounds\\voice\\motion\\motion.pak', 'E:\\JOGOS\\aionclassic\\l10n\\fra\\sounds\\voice\\motion\\motion.pak'], ['.\\assets\\sounds\\voice\\motion\\motion.pak', 'E:\\JOGOS\\aionclassic\\l10n\\deu\\sounds\\voice\\motion\\motion.pak']], []).
2023-05-21 19:15:17,607 [Thread-3 (check_files_thread)] -> [DEBUG] -> :: compare_files_hash() -> asset_file: .\assets\sounds\voice\attack\attack.pak.
2023-05-21 19:15:17,631 [Thread-3 (check_files_thread)] -> [DEBUG] -> :: compare_files_hash() -> game_file: E:\JOGOS\AION_CLASSIC\l10n\enu\sounds\voice\attack\attack.pak.
2023-05-21 19:15:17,653 [Thread-3 (check_files_thread)] -> [DEBUG] -> :: compare_files_hash() -> asset_file: .\assets\sounds\voice\attack\attack.pak.
2023-05-21 19:15:17,672 [Thread-3 (check_files_thread)] -> [DEBUG] -> :: compare_files_hash() -> game_file: E:\JOGOS\aionclassic\l10n\eng\sounds\voice\attack\attack.pak.
2023-05-21 19:15:17,687 [Thread-3 (check_files_thread)] -> [DEBUG] -> :: compare_files_hash() -> asset_file: .\assets\sounds\voice\attack\attack.pak.
2023-05-21 19:15:17,703 [Thread-3 (check_files_thread)] -> [DEBUG] -> :: compare_files_hash() -> game_file: E:\JOGOS\aionclassic\l10n\fra\sounds\voice\attack\attack.pak.
2023-05-21 19:15:17,718 [Thread-3 (check_files_thread)] -> [DEBUG] -> :: compare_files_hash() -> asset_file: .\assets\sounds\voice\attack\attack.pak.
2023-05-21 19:15:17,734 [Thread-3 (check_files_thread)] -> [DEBUG] -> :: compare_files_hash() -> game_file: E:\JOGOS\aionclassic\l10n\deu\sounds\voice\attack\attack.pak.
2023-05-21 19:15:17,750 [Thread-3 (check_files_thread)] -> [DEBUG] -> :: compare_files_hash() -> asset_file: .\assets\sounds\voice\cast\cast.pak.
2023-05-21 19:15:17,823 [Thread-3 (check_files_thread)] -> [DEBUG] -> :: compare_files_hash() -> game_file: E:\JOGOS\AION_CLASSIC\l10n\enu\sounds\voice\cast\cast.pak.
2023-05-21 19:15:17,893 [Thread-3 (check_files_thread)] -> [DEBUG] -> :: compare_files_hash() -> asset_file: .\assets\sounds\voice\cast\cast.pak.
2023-05-21 19:15:17,963 [Thread-3 (check_files_thread)] -> [DEBUG] -> :: compare_files_hash() -> game_file: E:\JOGOS\aionclassic\l10n\eng\sounds\voice\cast\cast.pak.
2023-05-21 19:15:18,034 [Thread-3 (check_files_thread)] -> [DEBUG] -> :: compare_files_hash() -> asset_file: .\assets\sounds\voice\cast\cast.pak.
2023-05-21 19:15:18,102 [Thread-3 (check_files_thread)] -> [DEBUG] -> :: compare_files_hash() -> game_file: E:\JOGOS\aionclassic\l10n\fra\sounds\voice\cast\cast.pak.
2023-05-21 19:15:18,171 [Thread-3 (check_files_thread)] -> [DEBUG] -> :: compare_files_hash() -> asset_file: .\assets\sounds\voice\cast\cast.pak.
2023-05-21 19:15:18,239 [Thread-3 (check_files_thread)] -> [DEBUG] -> :: compare_files_hash() -> game_file: E:\JOGOS\aionclassic\l10n\deu\sounds\voice\cast\cast.pak.
2023-05-21 19:15:18,309 [Thread-3 (check_files_thread)] -> [DEBUG] -> :: compare_files_hash() -> asset_file: .\assets\sounds\voice\damage\damage.pak.
2023-05-21 19:15:18,322 [Thread-3 (check_files_thread)] -> [DEBUG] -> :: compare_files_hash() -> game_file: E:\JOGOS\AION_CLASSIC\l10n\enu\sounds\voice\damage\damage.pak.
2023-05-21 19:15:18,336 [Thread-3 (check_files_thread)] -> [DEBUG] -> :: compare_files_hash() -> asset_file: .\assets\sounds\voice\damage\damage.pak.
2023-05-21 19:15:18,350 [Thread-3 (check_files_thread)] -> [DEBUG] -> :: compare_files_hash() -> game_file: E:\JOGOS\aionclassic\l10n\eng\sounds\voice\damage\damage.pak.
2023-05-21 19:15:18,363 [Thread-3 (check_files_thread)] -> [DEBUG] -> :: compare_files_hash() -> asset_file: .\assets\sounds\voice\damage\damage.pak.
2023-05-21 19:15:18,376 [Thread-3 (check_files_thread)] -> [DEBUG] -> :: compare_files_hash() -> game_file: E:\JOGOS\aionclassic\l10n\fra\sounds\voice\damage\damage.pak.
2023-05-21 19:15:18,389 [Thread-3 (check_files_thread)] -> [DEBUG] -> :: compare_files_hash() -> asset_file: .\assets\sounds\voice\damage\damage.pak.
2023-05-21 19:15:18,402 [Thread-3 (check_files_thread)] -> [DEBUG] -> :: compare_files_hash() -> game_file: E:\JOGOS\aionclassic\l10n\deu\sounds\voice\damage\damage.pak.
2023-05-21 19:15:18,416 [Thread-3 (check_files_thread)] -> [DEBUG] -> :: compare_files_hash() -> asset_file: .\assets\sounds\voice\defence\defence.pak.
2023-05-21 19:15:18,419 [Thread-3 (check_files_thread)] -> [DEBUG] -> :: compare_files_hash() -> game_file: E:\JOGOS\AION_CLASSIC\l10n\enu\sounds\voice\defence\defence.pak.
2023-05-21 19:15:18,423 [Thread-3 (check_files_thread)] -> [DEBUG] -> :: compare_files_hash() -> asset_file: .\assets\sounds\voice\defence\defence.pak.
2023-05-21 19:15:18,427 [Thread-3 (check_files_thread)] -> [DEBUG] -> :: compare_files_hash() -> game_file: E:\JOGOS\aionclassic\l10n\eng\sounds\voice\defence\defence.pak.
2023-05-21 19:15:18,431 [Thread-3 (check_files_thread)] -> [DEBUG] -> :: compare_files_hash() -> asset_file: .\assets\sounds\voice\defence\defence.pak.
2023-05-21 19:15:18,434 [Thread-3 (check_files_thread)] -> [DEBUG] -> :: compare_files_hash() -> game_file: E:\JOGOS\aionclassic\l10n\fra\sounds\voice\defence\defence.pak.
2023-05-21 19:15:18,438 [Thread-3 (check_files_thread)] -> [DEBUG] -> :: compare_files_hash() -> asset_file: .\assets\sounds\voice\defence\defence.pak.
2023-05-21 19:15:18,441 [Thread-3 (check_files_thread)] -> [DEBUG] -> :: compare_files_hash() -> game_file: E:\JOGOS\aionclassic\l10n\deu\sounds\voice\defence\defence.pak.
2023-05-21 19:15:18,445 [Thread-3 (check_files_thread)] -> [DEBUG] -> :: compare_files_hash() -> asset_file: .\assets\sounds\voice\login\login.pak.
2023-05-21 19:15:18,449 [Thread-3 (check_files_thread)] -> [DEBUG] -> :: compare_files_hash() -> game_file: E:\JOGOS\AION_CLASSIC\l10n\enu\sounds\voice\login\login.pak.
2023-05-21 19:15:18,454 [Thread-3 (check_files_thread)] -> [DEBUG] -> :: compare_files_hash() -> asset_file: .\assets\sounds\voice\login\login.pak.
2023-05-21 19:15:18,457 [Thread-3 (check_files_thread)] -> [DEBUG] -> :: compare_files_hash() -> game_file: E:\JOGOS\aionclassic\l10n\eng\sounds\voice\login\login.pak.
2023-05-21 19:15:18,462 [Thread-3 (check_files_thread)] -> [DEBUG] -> :: compare_files_hash() -> asset_file: .\assets\sounds\voice\login\login.pak.
2023-05-21 19:15:18,466 [Thread-3 (check_files_thread)] -> [DEBUG] -> :: compare_files_hash() -> game_file: E:\JOGOS\aionclassic\l10n\fra\sounds\voice\login\login.pak.
2023-05-21 19:15:18,470 [Thread-3 (check_files_thread)] -> [DEBUG] -> :: compare_files_hash() -> asset_file: .\assets\sounds\voice\login\login.pak.
2023-05-21 19:15:18,474 [Thread-3 (check_files_thread)] -> [DEBUG] -> :: compare_files_hash() -> game_file: E:\JOGOS\aionclassic\l10n\deu\sounds\voice\login\login.pak.
2023-05-21 19:15:18,478 [Thread-3 (check_files_thread)] -> [DEBUG] -> :: compare_files_hash() -> asset_file: .\assets\sounds\voice\motion\motion.pak.
2023-05-21 19:15:18,481 [Thread-3 (check_files_thread)] -> [DEBUG] -> :: compare_files_hash() -> game_file: E:\JOGOS\AION_CLASSIC\l10n\enu\sounds\voice\motion\motion.pak.
2023-05-21 19:15:18,484 [Thread-3 (check_files_thread)] -> [DEBUG] -> :: compare_files_hash() -> asset_file: .\assets\sounds\voice\motion\motion.pak.
2023-05-21 19:15:18,487 [Thread-3 (check_files_thread)] -> [DEBUG] -> :: compare_files_hash() -> game_file: E:\JOGOS\aionclassic\l10n\eng\sounds\voice\motion\motion.pak.
2023-05-21 19:15:18,490 [Thread-3 (check_files_thread)] -> [DEBUG] -> :: compare_files_hash() -> asset_file: .\assets\sounds\voice\motion\motion.pak.
2023-05-21 19:15:18,493 [Thread-3 (check_files_thread)] -> [DEBUG] -> :: compare_files_hash() -> game_file: E:\JOGOS\aionclassic\l10n\fra\sounds\voice\motion\motion.pak.
2023-05-21 19:15:18,496 [Thread-3 (check_files_thread)] -> [DEBUG] -> :: compare_files_hash() -> asset_file: .\assets\sounds\voice\motion\motion.pak.
2023-05-21 19:15:18,499 [Thread-3 (check_files_thread)] -> [DEBUG] -> :: compare_files_hash() -> game_file: E:\JOGOS\aionclassic\l10n\deu\sounds\voice\motion\motion.pak.
2023-05-21 19:15:18,502 [Thread-3 (check_files_thread)] -> [DEBUG] -> :: compare_files_hash() -> copy_files_list: 0 [].
2023-05-21 19:15:18,503 [Thread-3 (check_files_thread)] -> [INFO] -> :: compare_files_hash() -> copy_files_list: 0 files need to be moved.
2023-05-21 19:15:18,503 [Thread-3 (check_files_thread)] -> [DEBUG] -> :: check_files() -> copy_files_check: 0 - check_all :: []
2023-05-21 19:15:18,504 [Thread-3 (check_files_thread)] -> [DEBUG] -> :: check_files() -> copy_files_check: 0 [].
2023-05-21 19:15:19,608 [MainThread] -> [DEBUG] -> :: check_files_button() -> Verificar Backups button pressed.
2023-05-21 19:15:19,611 [MainThread] -> [DEBUG] -> :: app_config_read() -> app_config_read: [('theme', 'System'), ('color', 'Blue'), ('region', '3'), ('napath', 'E:\\JOGOS\\AION_CLASSIC'), ('eupath', 'E:\\JOGOS\\aionclassic')]
2023-05-21 19:15:19,612 [MainThread] -> [DEBUG] -> :: check_game_path() -> na_path: E:\JOGOS\AION_CLASSIC
2023-05-21 19:15:19,614 [MainThread] -> [DEBUG] -> :: check_game_path() -> eu_path: E:\JOGOS\aionclassic
2023-05-21 19:15:19,617 [Thread-4 (check_files_thread)] -> [DEBUG] -> :: check_files_thread() -> thread started.
2023-05-21 19:15:19,618 [Thread-5 (check_files_thread)] -> [DEBUG] -> :: check_files_thread() -> thread started.
2023-05-21 19:15:19,619 [Thread-6 (check_files_thread)] -> [DEBUG] -> :: check_files_thread() -> thread started.
2023-05-21 19:15:19,678 [Thread-4 (check_files_thread)] -> [DEBUG] -> :: check_existing_backup() -> backup_files_list: 0 {}.
2023-05-21 19:15:19,679 [Thread-6 (check_files_thread)] -> [DEBUG] -> :: check_existing_backup() -> backup_files_list: 0 {}.
2023-05-21 19:15:19,679 [Thread-5 (check_files_thread)] -> [DEBUG] -> :: check_existing_backup() -> backup_files_list: 4 [['E:\\JOGOS\\AION_CLASSIC\\l10n\\enu\\textures\\ui\\hit_number.pak', 'E:\\JOGOS\\AION_CLASSIC\\l10n\\enu\\textures\\ui\\hit_number.pak.bkp'], ['E:\\JOGOS\\aionclassic\\l10n\\eng\\textures\\ui\\hit_number.pak', 'E:\\JOGOS\\aionclassic\\l10n\\eng\\textures\\ui\\hit_number.pak.bkp'], ['E:\\JOGOS\\aionclassic\\l10n\\fra\\textures\\ui\\hit_number.pak', 'E:\\JOGOS\\aionclassic\\l10n\\fra\\textures\\ui\\hit_number.pak.bkp'], ['E:\\JOGOS\\aionclassic\\l10n\\deu\\textures\\ui\\hit_number.pak', 'E:\\JOGOS\\aionclassic\\l10n\\deu\\textures\\ui\\hit_number.pak.bkp']].
2023-05-21 19:15:19,680 [Thread-4 (check_files_thread)] -> [DEBUG] -> :: app_config_read() -> app_config_read: [('theme', 'System'), ('color', 'Blue'), ('region', '3'), ('napath', 'E:\\JOGOS\\AION_CLASSIC'), ('eupath', 'E:\\JOGOS\\aionclassic')]
2023-05-21 19:15:19,680 [Thread-6 (check_files_thread)] -> [DEBUG] -> :: app_config_read() -> app_config_read: [('theme', 'System'), ('color', 'Blue'), ('region', '3'), ('napath', 'E:\\JOGOS\\AION_CLASSIC'), ('eupath', 'E:\\JOGOS\\aionclassic')]
2023-05-21 19:15:19,680 [Thread-4 (check_files_thread)] -> [DEBUG] -> :: get_file_path() -> file_path: data\Strings.
2023-05-21 19:15:19,681 [Thread-5 (check_files_thread)] -> [DEBUG] -> :: app_config_read() -> app_config_read: [('theme', 'System'), ('color', 'Blue'), ('region', '3'), ('napath', 'E:\\JOGOS\\AION_CLASSIC'), ('eupath', 'E:\\JOGOS\\aionclassic')]
2023-05-21 19:15:19,681 [Thread-6 (check_files_thread)] -> [DEBUG] -> :: get_file_path() -> file_path: sounds\voice.
2023-05-21 19:15:19,682 [Thread-5 (check_files_thread)] -> [DEBUG] -> :: get_file_path() -> file_path: textures\ui.
2023-05-21 19:15:19,682 [Thread-4 (check_files_thread)] -> [DEBUG] -> :: app_config_read() -> app_config_read: [('theme', 'System'), ('color', 'Blue'), ('region', '3'), ('napath', 'E:\\JOGOS\\AION_CLASSIC'), ('eupath', 'E:\\JOGOS\\aionclassic')]
2023-05-21 19:15:19,683 [Thread-6 (check_files_thread)] -> [DEBUG] -> :: app_config_read() -> app_config_read: [('theme', 'System'), ('color', 'Blue'), ('region', '3'), ('napath', 'E:\\JOGOS\\AION_CLASSIC'), ('eupath', 'E:\\JOGOS\\aionclassic')]
2023-05-21 19:15:19,683 [Thread-4 (check_files_thread)] -> [DEBUG] -> :: check_game_path() -> na_path: E:\JOGOS\AION_CLASSIC
2023-05-21 19:15:19,683 [Thread-6 (check_files_thread)] -> [DEBUG] -> :: check_game_path() -> na_path: E:\JOGOS\AION_CLASSIC
2023-05-21 19:15:19,683 [Thread-5 (check_files_thread)] -> [DEBUG] -> :: app_config_read() -> app_config_read: [('theme', 'System'), ('color', 'Blue'), ('region', '3'), ('napath', 'E:\\JOGOS\\AION_CLASSIC'), ('eupath', 'E:\\JOGOS\\aionclassic')]
2023-05-21 19:15:19,684 [Thread-4 (check_files_thread)] -> [DEBUG] -> :: check_game_path() -> eu_path: E:\JOGOS\aionclassic
2023-05-21 19:15:19,684 [Thread-6 (check_files_thread)] -> [DEBUG] -> :: check_game_path() -> eu_path: E:\JOGOS\aionclassic
2023-05-21 19:15:19,684 [Thread-5 (check_files_thread)] -> [DEBUG] -> :: check_game_path() -> na_path: E:\JOGOS\AION_CLASSIC
2023-05-21 19:15:19,685 [Thread-4 (check_files_thread)] -> [DEBUG] -> :: app_config_read() -> app_config_read: [('theme', 'System'), ('color', 'Blue'), ('region', '3'), ('napath', 'E:\\JOGOS\\AION_CLASSIC'), ('eupath', 'E:\\JOGOS\\aionclassic')]
2023-05-21 19:15:19,685 [Thread-5 (check_files_thread)] -> [DEBUG] -> :: check_game_path() -> eu_path: E:\JOGOS\aionclassic
2023-05-21 19:15:19,685 [Thread-6 (check_files_thread)] -> [DEBUG] -> :: app_config_read() -> app_config_read: [('theme', 'System'), ('color', 'Blue'), ('region', '3'), ('napath', 'E:\\JOGOS\\AION_CLASSIC'), ('eupath', 'E:\\JOGOS\\aionclassic')]
2023-05-21 19:15:19,685 [Thread-4 (check_files_thread)] -> [DEBUG] -> :: check_existing_backup() -> assets_dir: ['.\\assets\\data\\Strings'].
2023-05-21 19:15:19,686 [Thread-6 (check_files_thread)] -> [DEBUG] -> :: check_existing_backup() -> assets_dir: ['.\\assets\\sounds\\voice'].
2023-05-21 19:15:19,686 [Thread-4 (check_files_thread)] -> [DEBUG] -> :: check_existing_backup() -> full_file_path: ['E:\\JOGOS\\AION_CLASSIC\\l10n\\enu\\data\\Strings', 'E:\\JOGOS\\aionclassic\\l10n\\eng\\data\\Strings', 'E:\\JOGOS\\aionclassic\\l10n\\fra\\data\\Strings', 'E:\\JOGOS\\aionclassic\\l10n\\deu\\data\\Strings'].
2023-05-21 19:15:19,686 [Thread-5 (check_files_thread)] -> [DEBUG] -> :: app_config_read() -> app_config_read: [('theme', 'System'), ('color', 'Blue'), ('region', '3'), ('napath', 'E:\\JOGOS\\AION_CLASSIC'), ('eupath', 'E:\\JOGOS\\aionclassic')]
2023-05-21 19:15:19,687 [Thread-6 (check_files_thread)] -> [DEBUG] -> :: check_existing_backup() -> full_file_path: ['E:\\JOGOS\\AION_CLASSIC\\l10n\\enu\\sounds\\voice', 'E:\\JOGOS\\aionclassic\\l10n\\eng\\sounds\\voice', 'E:\\JOGOS\\aionclassic\\l10n\\fra\\sounds\\voice', 'E:\\JOGOS\\aionclassic\\l10n\\deu\\sounds\\voice'].
2023-05-21 19:15:19,687 [Thread-5 (check_files_thread)] -> [DEBUG] -> :: check_existing_backup() -> assets_dir: ['.\\assets\\textures\\ui'].
2023-05-21 19:15:19,688 [Thread-5 (check_files_thread)] -> [DEBUG] -> :: check_existing_backup() -> full_file_path: ['E:\\JOGOS\\AION_CLASSIC\\l10n\\enu\\textures\\ui', 'E:\\JOGOS\\aionclassic\\l10n\\eng\\textures\\ui', 'E:\\JOGOS\\aionclassic\\l10n\\fra\\textures\\ui', 'E:\\JOGOS\\aionclassic\\l10n\\deu\\textures\\ui'].
2023-05-21 19:15:19,689 [Thread-5 (check_files_thread)] -> [DEBUG] -> :: check_existing_backup() -> file_path -> check_hash_list[]: AY E:\JOGOS\AION_CLASSIC\l10n\enu\textures\ui\hit_number.pak.bkp
2023-05-21 19:15:19,689 [Thread-5 (check_files_thread)] -> [DEBUG] -> :: check_existing_backup() -> file_path -> check_hash_list[]: AY E:\JOGOS\aionclassic\l10n\eng\textures\ui\hit_number.pak.bkp
2023-05-21 19:15:19,690 [Thread-5 (check_files_thread)] -> [DEBUG] -> :: check_existing_backup() -> file_path -> check_hash_list[]: AY E:\JOGOS\aionclassic\l10n\fra\textures\ui\hit_number.pak.bkp
2023-05-21 19:15:19,690 [Thread-5 (check_files_thread)] -> [DEBUG] -> :: check_existing_backup() -> file_path -> check_hash_list[]: AY E:\JOGOS\aionclassic\l10n\deu\textures\ui\hit_number.pak.bkp
2023-05-21 19:15:19,697 [Thread-4 (check_files_thread)] -> [DEBUG] -> :: app_config_read() -> app_config_read: [('theme', 'System'), ('color', 'Blue'), ('region', '3'), ('napath', 'E:\\JOGOS\\AION_CLASSIC'), ('eupath', 'E:\\JOGOS\\aionclassic')]
2023-05-21 19:15:19,698 [Thread-6 (check_files_thread)] -> [DEBUG] -> :: app_config_read() -> app_config_read: [('theme', 'System'), ('color', 'Blue'), ('region', '3'), ('napath', 'E:\\JOGOS\\AION_CLASSIC'), ('eupath', 'E:\\JOGOS\\aionclassic')]
2023-05-21 19:15:19,698 [Thread-4 (check_files_thread)] -> [DEBUG] -> :: get_file_path() -> file_path: data\Strings.
2023-05-21 19:15:19,698 [Thread-6 (check_files_thread)] -> [DEBUG] -> :: get_file_path() -> file_path: sounds\voice.
2023-05-21 19:15:19,699 [Thread-4 (check_files_thread)] -> [DEBUG] -> :: app_config_read() -> app_config_read: [('theme', 'System'), ('color', 'Blue'), ('region', '3'), ('napath', 'E:\\JOGOS\\AION_CLASSIC'), ('eupath', 'E:\\JOGOS\\aionclassic')]
2023-05-21 19:15:19,699 [Thread-6 (check_files_thread)] -> [DEBUG] -> :: app_config_read() -> app_config_read: [('theme', 'System'), ('color', 'Blue'), ('region', '3'), ('napath', 'E:\\JOGOS\\AION_CLASSIC'), ('eupath', 'E:\\JOGOS\\aionclassic')]
2023-05-21 19:15:19,699 [Thread-4 (check_files_thread)] -> [DEBUG] -> :: check_game_path() -> na_path: E:\JOGOS\AION_CLASSIC
2023-05-21 19:15:19,700 [Thread-6 (check_files_thread)] -> [DEBUG] -> :: check_game_path() -> na_path: E:\JOGOS\AION_CLASSIC
2023-05-21 19:15:19,700 [Thread-4 (check_files_thread)] -> [DEBUG] -> :: check_game_path() -> eu_path: E:\JOGOS\aionclassic
2023-05-21 19:15:19,700 [Thread-6 (check_files_thread)] -> [DEBUG] -> :: check_game_path() -> eu_path: E:\JOGOS\aionclassic
2023-05-21 19:15:19,701 [Thread-4 (check_files_thread)] -> [DEBUG] -> :: app_config_read() -> app_config_read: [('theme', 'System'), ('color', 'Blue'), ('region', '3'), ('napath', 'E:\\JOGOS\\AION_CLASSIC'), ('eupath', 'E:\\JOGOS\\aionclassic')]
2023-05-21 19:15:19,701 [Thread-6 (check_files_thread)] -> [DEBUG] -> :: app_config_read() -> app_config_read: [('theme', 'System'), ('color', 'Blue'), ('region', '3'), ('napath', 'E:\\JOGOS\\AION_CLASSIC'), ('eupath', 'E:\\JOGOS\\aionclassic')]
2023-05-21 19:15:19,701 [Thread-4 (check_files_thread)] -> [DEBUG] -> :: get_files() -> assets_full_file_path: ['.\\assets\\data\\Strings'] - full_file_path: ['E:\\JOGOS\\AION_CLASSIC\\l10n\\enu\\data\\Strings', 'E:\\JOGOS\\aionclassic\\l10n\\eng\\data\\Strings', 'E:\\JOGOS\\aionclassic\\l10n\\fra\\data\\Strings', 'E:\\JOGOS\\aionclassic\\l10n\\deu\\data\\Strings']
2023-05-21 19:15:19,701 [Thread-6 (check_files_thread)] -> [DEBUG] -> :: get_files() -> assets_full_file_path: ['.\\assets\\sounds\\voice'] - full_file_path: ['E:\\JOGOS\\AION_CLASSIC\\l10n\\enu\\sounds\\voice', 'E:\\JOGOS\\aionclassic\\l10n\\eng\\sounds\\voice', 'E:\\JOGOS\\aionclassic\\l10n\\fra\\sounds\\voice', 'E:\\JOGOS\\aionclassic\\l10n\\deu\\sounds\\voice']
2023-05-21 19:15:19,702 [Thread-4 (check_files_thread)] -> [DEBUG] -> :: get_files() -> assets_dir: .\assets\data\Strings.
2023-05-21 19:15:19,702 [Thread-6 (check_files_thread)] -> [DEBUG] -> :: get_files() -> assets_dir: .\assets\sounds\voice.
2023-05-21 19:15:19,703 [Thread-4 (check_files_thread)] -> [DEBUG] -> :: get_files() -> file_path -> check_hash_list[]: AY E:\JOGOS\AION_CLASSIC\l10n\enu\data\Strings\aionfilterline.dat.bkp
2023-05-21 19:15:19,703 [Thread-6 (check_files_thread)] -> [DEBUG] -> :: get_files() -> file_path -> check_hash_list[]: AY E:\JOGOS\AION_CLASSIC\l10n\enu\sounds\voice\attack\attack.pak.bkp
2023-05-21 19:15:19,703 [Thread-4 (check_files_thread)] -> [DEBUG] -> :: get_files() -> file_path -> check_hash_list[]: AY E:\JOGOS\aionclassic\l10n\eng\data\Strings\aionfilterline.dat.bkp
2023-05-21 19:15:19,704 [Thread-6 (check_files_thread)] -> [DEBUG] -> :: get_files() -> file_path -> check_hash_list[]: AY E:\JOGOS\aionclassic\l10n\eng\sounds\voice\attack\attack.pak.bkp
2023-05-21 19:15:19,704 [Thread-4 (check_files_thread)] -> [DEBUG] -> :: get_files() -> file_path -> check_hash_list[]: AY E:\JOGOS\aionclassic\l10n\fra\data\Strings\aionfilterline.dat.bkp
2023-05-21 19:15:19,704 [Thread-6 (check_files_thread)] -> [DEBUG] -> :: get_files() -> file_path -> check_hash_list[]: AY E:\JOGOS\aionclassic\l10n\fra\sounds\voice\attack\attack.pak.bkp
2023-05-21 19:15:19,705 [Thread-4 (check_files_thread)] -> [DEBUG] -> :: get_files() -> file_path -> check_hash_list[]: AY E:\JOGOS\aionclassic\l10n\deu\data\Strings\aionfilterline.dat.bkp
2023-05-21 19:15:19,705 [Thread-6 (check_files_thread)] -> [DEBUG] -> :: get_files() -> file_path -> check_hash_list[]: AY E:\JOGOS\aionclassic\l10n\deu\sounds\voice\attack\attack.pak.bkp
2023-05-21 19:15:19,705 [Thread-4 (check_files_thread)] -> [DEBUG] -> :: get_files() -> file_path -> check_hash_list[]: AY E:\JOGOS\AION_CLASSIC\l10n\enu\data\Strings\aionfilterline.pak.bkp
2023-05-21 19:15:19,705 [Thread-4 (check_files_thread)] -> [DEBUG] -> :: get_files() -> file_path -> check_hash_list[]: AY E:\JOGOS\aionclassic\l10n\eng\data\Strings\aionfilterline.pak.bkp
2023-05-21 19:15:19,706 [Thread-6 (check_files_thread)] -> [DEBUG] -> :: get_files() -> file_path -> check_hash_list[]: AY E:\JOGOS\AION_CLASSIC\l10n\enu\sounds\voice\cast\cast.pak.bkp
2023-05-21 19:15:19,706 [Thread-4 (check_files_thread)] -> [DEBUG] -> :: get_files() -> file_path -> check_hash_list[]: AY E:\JOGOS\aionclassic\l10n\fra\data\Strings\aionfilterline.pak.bkp
2023-05-21 19:15:19,706 [Thread-6 (check_files_thread)] -> [DEBUG] -> :: get_files() -> file_path -> check_hash_list[]: AY E:\JOGOS\aionclassic\l10n\eng\sounds\voice\cast\cast.pak.bkp
2023-05-21 19:15:19,706 [Thread-4 (check_files_thread)] -> [DEBUG] -> :: get_files() -> file_path -> check_hash_list[]: AY E:\JOGOS\aionclassic\l10n\deu\data\Strings\aionfilterline.pak.bkp
2023-05-21 19:15:19,707 [Thread-6 (check_files_thread)] -> [DEBUG] -> :: get_files() -> file_path -> check_hash_list[]: AY E:\JOGOS\aionclassic\l10n\fra\sounds\voice\cast\cast.pak.bkp
2023-05-21 19:15:19,707 [Thread-4 (check_files_thread)] -> [DEBUG] -> :: get_files() -> check_hash_list: [['E:\\JOGOS\\AION_CLASSIC\\l10n\\enu\\data\\Strings\\aionfilterline.dat', 'E:\\JOGOS\\AION_CLASSIC\\l10n\\enu\\data\\Strings\\aionfilterline.dat.bkp'], ['E:\\JOGOS\\aionclassic\\l10n\\eng\\data\\Strings\\aionfilterline.dat', 'E:\\JOGOS\\aionclassic\\l10n\\eng\\data\\Strings\\aionfilterline.dat.bkp'], ['E:\\JOGOS\\aionclassic\\l10n\\fra\\data\\Strings\\aionfilterline.dat', 'E:\\JOGOS\\aionclassic\\l10n\\fra\\data\\Strings\\aionfilterline.dat.bkp'], ['E:\\JOGOS\\aionclassic\\l10n\\deu\\data\\Strings\\aionfilterline.dat', 'E:\\JOGOS\\aionclassic\\l10n\\deu\\data\\Strings\\aionfilterline.dat.bkp'], ['E:\\JOGOS\\AION_CLASSIC\\l10n\\enu\\data\\Strings\\aionfilterline.pak', 'E:\\JOGOS\\AION_CLASSIC\\l10n\\enu\\data\\Strings\\aionfilterline.pak.bkp'], ['E:\\JOGOS\\aionclassic\\l10n\\eng\\data\\Strings\\aionfilterline.pak', 'E:\\JOGOS\\aionclassic\\l10n\\eng\\data\\Strings\\aionfilterline.pak.bkp'], ['E:\\JOGOS\\aionclassic\\l10n\\fra\\data\\Strings\\aionfilterline.pak', 'E:\\JOGOS\\aionclassic\\l10n\\fra\\data\\Strings\\aionfilterline.pak.bkp'], ['E:\\JOGOS\\aionclassic\\l10n\\deu\\data\\Strings\\aionfilterline.pak', 'E:\\JOGOS\\aionclassic\\l10n\\deu\\data\\Strings\\aionfilterline.pak.bkp']]
2023-05-21 19:15:19,707 [Thread-6 (check_files_thread)] -> [DEBUG] -> :: get_files() -> file_path -> check_hash_list[]: AY E:\JOGOS\aionclassic\l10n\deu\sounds\voice\cast\cast.pak.bkp
2023-05-21 19:15:19,708 [Thread-4 (check_files_thread)] -> [INFO] -> :: get_files() -> check_hash_list: 8 files need to be compared.
2023-05-21 19:15:19,709 [Thread-4 (check_files_thread)] -> [DEBUG] -> :: get_files() -> copy_files_list: []
2023-05-21 19:15:19,709 [Thread-4 (check_files_thread)] -> [DEBUG] -> :: check_files() -> compared_files: 2 - ([['E:\\JOGOS\\AION_CLASSIC\\l10n\\enu\\data\\Strings\\aionfilterline.dat', 'E:\\JOGOS\\AION_CLASSIC\\l10n\\enu\\data\\Strings\\aionfilterline.dat.bkp'], ['E:\\JOGOS\\aionclassic\\l10n\\eng\\data\\Strings\\aionfilterline.dat', 'E:\\JOGOS\\aionclassic\\l10n\\eng\\data\\Strings\\aionfilterline.dat.bkp'], ['E:\\JOGOS\\aionclassic\\l10n\\fra\\data\\Strings\\aionfilterline.dat', 'E:\\JOGOS\\aionclassic\\l10n\\fra\\data\\Strings\\aionfilterline.dat.bkp'], ['E:\\JOGOS\\aionclassic\\l10n\\deu\\data\\Strings\\aionfilterline.dat', 'E:\\JOGOS\\aionclassic\\l10n\\deu\\data\\Strings\\aionfilterline.dat.bkp'], ['E:\\JOGOS\\AION_CLASSIC\\l10n\\enu\\data\\Strings\\aionfilterline.pak', 'E:\\JOGOS\\AION_CLASSIC\\l10n\\enu\\data\\Strings\\aionfilterline.pak.bkp'], ['E:\\JOGOS\\aionclassic\\l10n\\eng\\data\\Strings\\aionfilterline.pak', 'E:\\JOGOS\\aionclassic\\l10n\\eng\\data\\Strings\\aionfilterline.pak.bkp'], ['E:\\JOGOS\\aionclassic\\l10n\\fra\\data\\Strings\\aionfilterline.pak', 'E:\\JOGOS\\aionclassic\\l10n\\fra\\data\\Strings\\aionfilterline.pak.bkp'], ['E:\\JOGOS\\aionclassic\\l10n\\deu\\data\\Strings\\aionfilterline.pak', 'E:\\JOGOS\\aionclassic\\l10n\\deu\\data\\Strings\\aionfilterline.pak.bkp']], [])
2023-05-21 19:15:19,709 [Thread-6 (check_files_thread)] -> [DEBUG] -> :: get_files() -> file_path -> check_hash_list[]: AY E:\JOGOS\AION_CLASSIC\l10n\enu\sounds\voice\damage\damage.pak.bkp
2023-05-21 19:15:19,710 [Thread-6 (check_files_thread)] -> [DEBUG] -> :: get_files() -> file_path -> check_hash_list[]: AY E:\JOGOS\aionclassic\l10n\eng\sounds\voice\damage\damage.pak.bkp
2023-05-21 19:15:19,711 [Thread-4 (check_files_thread)] -> [DEBUG] -> :: check_files() -> copy_files_check: 0 - check_backup :: []
2023-05-21 19:15:19,711 [Thread-6 (check_files_thread)] -> [DEBUG] -> :: get_files() -> file_path -> check_hash_list[]: AY E:\JOGOS\aionclassic\l10n\fra\sounds\voice\damage\damage.pak.bkp
2023-05-21 19:15:19,711 [Thread-4 (check_files_thread)] -> [DEBUG] -> :: check_files() -> copy_files_check: 0 [].
2023-05-21 19:15:19,712 [Thread-6 (check_files_thread)] -> [DEBUG] -> :: get_files() -> file_path -> check_hash_list[]: AY E:\JOGOS\aionclassic\l10n\deu\sounds\voice\damage\damage.pak.bkp
2023-05-21 19:15:19,713 [Thread-6 (check_files_thread)] -> [DEBUG] -> :: get_files() -> file_path -> check_hash_list[]: AY E:\JOGOS\AION_CLASSIC\l10n\enu\sounds\voice\defence\defence.pak.bkp
2023-05-21 19:15:19,713 [Thread-6 (check_files_thread)] -> [DEBUG] -> :: get_files() -> file_path -> check_hash_list[]: AY E:\JOGOS\aionclassic\l10n\eng\sounds\voice\defence\defence.pak.bkp
2023-05-21 19:15:19,714 [Thread-6 (check_files_thread)] -> [DEBUG] -> :: get_files() -> file_path -> check_hash_list[]: AY E:\JOGOS\aionclassic\l10n\fra\sounds\voice\defence\defence.pak.bkp
2023-05-21 19:15:19,714 [Thread-6 (check_files_thread)] -> [DEBUG] -> :: get_files() -> file_path -> check_hash_list[]: AY E:\JOGOS\aionclassic\l10n\deu\sounds\voice\defence\defence.pak.bkp
2023-05-21 19:15:19,715 [Thread-6 (check_files_thread)] -> [DEBUG] -> :: get_files() -> file_path -> check_hash_list[]: AY E:\JOGOS\AION_CLASSIC\l10n\enu\sounds\voice\login\login.pak.bkp
2023-05-21 19:15:19,716 [Thread-6 (check_files_thread)] -> [DEBUG] -> :: get_files() -> file_path -> check_hash_list[]: AY E:\JOGOS\aionclassic\l10n\eng\sounds\voice\login\login.pak.bkp
2023-05-21 19:15:19,716 [Thread-6 (check_files_thread)] -> [DEBUG] -> :: get_files() -> file_path -> check_hash_list[]: AY E:\JOGOS\aionclassic\l10n\fra\sounds\voice\login\login.pak.bkp
2023-05-21 19:15:19,717 [Thread-6 (check_files_thread)] -> [DEBUG] -> :: get_files() -> file_path -> check_hash_list[]: AY E:\JOGOS\aionclassic\l10n\deu\sounds\voice\login\login.pak.bkp
2023-05-21 19:15:19,718 [Thread-6 (check_files_thread)] -> [DEBUG] -> :: get_files() -> file_path -> check_hash_list[]: AY E:\JOGOS\AION_CLASSIC\l10n\enu\sounds\voice\motion\motion.pak.bkp
2023-05-21 19:15:19,718 [Thread-6 (check_files_thread)] -> [DEBUG] -> :: get_files() -> file_path -> check_hash_list[]: AY E:\JOGOS\aionclassic\l10n\eng\sounds\voice\motion\motion.pak.bkp
2023-05-21 19:15:19,719 [Thread-6 (check_files_thread)] -> [DEBUG] -> :: get_files() -> file_path -> check_hash_list[]: AY E:\JOGOS\aionclassic\l10n\fra\sounds\voice\motion\motion.pak.bkp
2023-05-21 19:15:19,719 [Thread-6 (check_files_thread)] -> [DEBUG] -> :: get_files() -> file_path -> check_hash_list[]: AY E:\JOGOS\aionclassic\l10n\deu\sounds\voice\motion\motion.pak.bkp
2023-05-21 19:15:19,720 [Thread-6 (check_files_thread)] -> [DEBUG] -> :: get_files() -> check_hash_list: [['E:\\JOGOS\\AION_CLASSIC\\l10n\\enu\\sounds\\voice\\attack\\attack.pak', 'E:\\JOGOS\\AION_CLASSIC\\l10n\\enu\\sounds\\voice\\attack\\attack.pak.bkp'], ['E:\\JOGOS\\aionclassic\\l10n\\eng\\sounds\\voice\\attack\\attack.pak', 'E:\\JOGOS\\aionclassic\\l10n\\eng\\sounds\\voice\\attack\\attack.pak.bkp'], ['E:\\JOGOS\\aionclassic\\l10n\\fra\\sounds\\voice\\attack\\attack.pak', 'E:\\JOGOS\\aionclassic\\l10n\\fra\\sounds\\voice\\attack\\attack.pak.bkp'], ['E:\\JOGOS\\aionclassic\\l10n\\deu\\sounds\\voice\\attack\\attack.pak', 'E:\\JOGOS\\aionclassic\\l10n\\deu\\sounds\\voice\\attack\\attack.pak.bkp'], ['E:\\JOGOS\\AION_CLASSIC\\l10n\\enu\\sounds\\voice\\cast\\cast.pak', 'E:\\JOGOS\\AION_CLASSIC\\l10n\\enu\\sounds\\voice\\cast\\cast.pak.bkp'], ['E:\\JOGOS\\aionclassic\\l10n\\eng\\sounds\\voice\\cast\\cast.pak', 'E:\\JOGOS\\aionclassic\\l10n\\eng\\sounds\\voice\\cast\\cast.pak.bkp'], ['E:\\JOGOS\\aionclassic\\l10n\\fra\\sounds\\voice\\cast\\cast.pak', 'E:\\JOGOS\\aionclassic\\l10n\\fra\\sounds\\voice\\cast\\cast.pak.bkp'], ['E:\\JOGOS\\aionclassic\\l10n\\deu\\sounds\\voice\\cast\\cast.pak', 'E:\\JOGOS\\aionclassic\\l10n\\deu\\sounds\\voice\\cast\\cast.pak.bkp'], ['E:\\JOGOS\\AION_CLASSIC\\l10n\\enu\\sounds\\voice\\damage\\damage.pak', 'E:\\JOGOS\\AION_CLASSIC\\l10n\\enu\\sounds\\voice\\damage\\damage.pak.bkp'], ['E:\\JOGOS\\aionclassic\\l10n\\eng\\sounds\\voice\\damage\\damage.pak', 'E:\\JOGOS\\aionclassic\\l10n\\eng\\sounds\\voice\\damage\\damage.pak.bkp'], ['E:\\JOGOS\\aionclassic\\l10n\\fra\\sounds\\voice\\damage\\damage.pak', 'E:\\JOGOS\\aionclassic\\l10n\\fra\\sounds\\voice\\damage\\damage.pak.bkp'], ['E:\\JOGOS\\aionclassic\\l10n\\deu\\sounds\\voice\\damage\\damage.pak', 'E:\\JOGOS\\aionclassic\\l10n\\deu\\sounds\\voice\\damage\\damage.pak.bkp'], ['E:\\JOGOS\\AION_CLASSIC\\l10n\\enu\\sounds\\voice\\defence\\defence.pak', 'E:\\JOGOS\\AION_CLASSIC\\l10n\\enu\\sounds\\voice\\defence\\defence.pak.bkp'], ['E:\\JOGOS\\aionclassic\\l10n\\eng\\sounds\\voice\\defence\\defence.pak', 'E:\\JOGOS\\aionclassic\\l10n\\eng\\sounds\\voice\\defence\\defence.pak.bkp'], ['E:\\JOGOS\\aionclassic\\l10n\\fra\\sounds\\voice\\defence\\defence.pak', 'E:\\JOGOS\\aionclassic\\l10n\\fra\\sounds\\voice\\defence\\defence.pak.bkp'], ['E:\\JOGOS\\aionclassic\\l10n\\deu\\sounds\\voice\\defence\\defence.pak', 'E:\\JOGOS\\aionclassic\\l10n\\deu\\sounds\\voice\\defence\\defence.pak.bkp'], ['E:\\JOGOS\\AION_CLASSIC\\l10n\\enu\\sounds\\voice\\login\\login.pak', 'E:\\JOGOS\\AION_CLASSIC\\l10n\\enu\\sounds\\voice\\login\\login.pak.bkp'], ['E:\\JOGOS\\aionclassic\\l10n\\eng\\sounds\\voice\\login\\login.pak', 'E:\\JOGOS\\aionclassic\\l10n\\eng\\sounds\\voice\\login\\login.pak.bkp'], ['E:\\JOGOS\\aionclassic\\l10n\\fra\\sounds\\voice\\login\\login.pak', 'E:\\JOGOS\\aionclassic\\l10n\\fra\\sounds\\voice\\login\\login.pak.bkp'], ['E:\\JOGOS\\aionclassic\\l10n\\deu\\sounds\\voice\\login\\login.pak', 'E:\\JOGOS\\aionclassic\\l10n\\deu\\sounds\\voice\\login\\login.pak.bkp'], ['E:\\JOGOS\\AION_CLASSIC\\l10n\\enu\\sounds\\voice\\motion\\motion.pak', 'E:\\JOGOS\\AION_CLASSIC\\l10n\\enu\\sounds\\voice\\motion\\motion.pak.bkp'], ['E:\\JOGOS\\aionclassic\\l10n\\eng\\sounds\\voice\\motion\\motion.pak', 'E:\\JOGOS\\aionclassic\\l10n\\eng\\sounds\\voice\\motion\\motion.pak.bkp'], ['E:\\JOGOS\\aionclassic\\l10n\\fra\\sounds\\voice\\motion\\motion.pak', 'E:\\JOGOS\\aionclassic\\l10n\\fra\\sounds\\voice\\motion\\motion.pak.bkp'], ['E:\\JOGOS\\aionclassic\\l10n\\deu\\sounds\\voice\\motion\\motion.pak', 'E:\\JOGOS\\aionclassic\\l10n\\deu\\sounds\\voice\\motion\\motion.pak.bkp']]
2023-05-21 19:15:19,723 [Thread-6 (check_files_thread)] -> [INFO] -> :: get_files() -> check_hash_list: 24 files need to be compared.
2023-05-21 19:15:19,724 [Thread-6 (check_files_thread)] -> [DEBUG] -> :: get_files() -> copy_files_list: []
2023-05-21 19:15:19,724 [Thread-6 (check_files_thread)] -> [DEBUG] -> :: check_files() -> compared_files: 2 - ([['E:\\JOGOS\\AION_CLASSIC\\l10n\\enu\\sounds\\voice\\attack\\attack.pak', 'E:\\JOGOS\\AION_CLASSIC\\l10n\\enu\\sounds\\voice\\attack\\attack.pak.bkp'], ['E:\\JOGOS\\aionclassic\\l10n\\eng\\sounds\\voice\\attack\\attack.pak', 'E:\\JOGOS\\aionclassic\\l10n\\eng\\sounds\\voice\\attack\\attack.pak.bkp'], ['E:\\JOGOS\\aionclassic\\l10n\\fra\\sounds\\voice\\attack\\attack.pak', 'E:\\JOGOS\\aionclassic\\l10n\\fra\\sounds\\voice\\attack\\attack.pak.bkp'], ['E:\\JOGOS\\aionclassic\\l10n\\deu\\sounds\\voice\\attack\\attack.pak', 'E:\\JOGOS\\aionclassic\\l10n\\deu\\sounds\\voice\\attack\\attack.pak.bkp'], ['E:\\JOGOS\\AION_CLASSIC\\l10n\\enu\\sounds\\voice\\cast\\cast.pak', 'E:\\JOGOS\\AION_CLASSIC\\l10n\\enu\\sounds\\voice\\cast\\cast.pak.bkp'], ['E:\\JOGOS\\aionclassic\\l10n\\eng\\sounds\\voice\\cast\\cast.pak', 'E:\\JOGOS\\aionclassic\\l10n\\eng\\sounds\\voice\\cast\\cast.pak.bkp'], ['E:\\JOGOS\\aionclassic\\l10n\\fra\\sounds\\voice\\cast\\cast.pak', 'E:\\JOGOS\\aionclassic\\l10n\\fra\\sounds\\voice\\cast\\cast.pak.bkp'], ['E:\\JOGOS\\aionclassic\\l10n\\deu\\sounds\\voice\\cast\\cast.pak', 'E:\\JOGOS\\aionclassic\\l10n\\deu\\sounds\\voice\\cast\\cast.pak.bkp'], ['E:\\JOGOS\\AION_CLASSIC\\l10n\\enu\\sounds\\voice\\damage\\damage.pak', 'E:\\JOGOS\\AION_CLASSIC\\l10n\\enu\\sounds\\voice\\damage\\damage.pak.bkp'], ['E:\\JOGOS\\aionclassic\\l10n\\eng\\sounds\\voice\\damage\\damage.pak', 'E:\\JOGOS\\aionclassic\\l10n\\eng\\sounds\\voice\\damage\\damage.pak.bkp'], ['E:\\JOGOS\\aionclassic\\l10n\\fra\\sounds\\voice\\damage\\damage.pak', 'E:\\JOGOS\\aionclassic\\l10n\\fra\\sounds\\voice\\damage\\damage.pak.bkp'], ['E:\\JOGOS\\aionclassic\\l10n\\deu\\sounds\\voice\\damage\\damage.pak', 'E:\\JOGOS\\aionclassic\\l10n\\deu\\sounds\\voice\\damage\\damage.pak.bkp'], ['E:\\JOGOS\\AION_CLASSIC\\l10n\\enu\\sounds\\voice\\defence\\defence.pak', 'E:\\JOGOS\\AION_CLASSIC\\l10n\\enu\\sounds\\voice\\defence\\defence.pak.bkp'], ['E:\\JOGOS\\aionclassic\\l10n\\eng\\sounds\\voice\\defence\\defence.pak', 'E:\\JOGOS\\aionclassic\\l10n\\eng\\sounds\\voice\\defence\\defence.pak.bkp'], ['E:\\JOGOS\\aionclassic\\l10n\\fra\\sounds\\voice\\defence\\defence.pak', 'E:\\JOGOS\\aionclassic\\l10n\\fra\\sounds\\voice\\defence\\defence.pak.bkp'], ['E:\\JOGOS\\aionclassic\\l10n\\deu\\sounds\\voice\\defence\\defence.pak', 'E:\\JOGOS\\aionclassic\\l10n\\deu\\sounds\\voice\\defence\\defence.pak.bkp'], ['E:\\JOGOS\\AION_CLASSIC\\l10n\\enu\\sounds\\voice\\login\\login.pak', 'E:\\JOGOS\\AION_CLASSIC\\l10n\\enu\\sounds\\voice\\login\\login.pak.bkp'], ['E:\\JOGOS\\aionclassic\\l10n\\eng\\sounds\\voice\\login\\login.pak', 'E:\\JOGOS\\aionclassic\\l10n\\eng\\sounds\\voice\\login\\login.pak.bkp'], ['E:\\JOGOS\\aionclassic\\l10n\\fra\\sounds\\voice\\login\\login.pak', 'E:\\JOGOS\\aionclassic\\l10n\\fra\\sounds\\voice\\login\\login.pak.bkp'], ['E:\\JOGOS\\aionclassic\\l10n\\deu\\sounds\\voice\\login\\login.pak', 'E:\\JOGOS\\aionclassic\\l10n\\deu\\sounds\\voice\\login\\login.pak.bkp'], ['E:\\JOGOS\\AION_CLASSIC\\l10n\\enu\\sounds\\voice\\motion\\motion.pak', 'E:\\JOGOS\\AION_CLASSIC\\l10n\\enu\\sounds\\voice\\motion\\motion.pak.bkp'], ['E:\\JOGOS\\aionclassic\\l10n\\eng\\sounds\\voice\\motion\\motion.pak', 'E:\\JOGOS\\aionclassic\\l10n\\eng\\sounds\\voice\\motion\\motion.pak.bkp'], ['E:\\JOGOS\\aionclassic\\l10n\\fra\\sounds\\voice\\motion\\motion.pak', 'E:\\JOGOS\\aionclassic\\l10n\\fra\\sounds\\voice\\motion\\motion.pak.bkp'], ['E:\\JOGOS\\aionclassic\\l10n\\deu\\sounds\\voice\\motion\\motion.pak', 'E:\\JOGOS\\aionclassic\\l10n\\deu\\sounds\\voice\\motion\\motion.pak.bkp']], [])
2023-05-21 19:15:19,728 [Thread-6 (check_files_thread)] -> [DEBUG] -> :: check_files() -> copy_files_check: 0 - check_backup :: []
2023-05-21 19:15:19,728 [Thread-6 (check_files_thread)] -> [DEBUG] -> :: check_files() -> copy_files_check: 0 [].
