2023-05-19 12:52:02,285 [MainThread] -> [DEBUG] -> :: <module>() -> App initialized.
2023-05-19 12:52:02,286 [MainThread] -> [DEBUG] -> :: <module>() -> app_functions.py imported.
2023-05-19 12:52:02,287 [MainThread] -> [DEBUG] -> :: app_config_read() -> app_config_read: [('theme', 'System'), ('color', 'Blue'), ('region', '3'), ('napath', 'E:\\JOGOS\\AION_CLASSIC'), ('eupath', 'E:\\JOGOS\\aionclassic')]
2023-05-19 12:52:02,288 [MainThread] -> [DEBUG] -> :: <module>() -> main.py imported.
2023-05-19 12:52:02,289 [MainThread] -> [DEBUG] -> :: app_config_read() -> app_config_read: [('theme', 'System'), ('color', 'Blue'), ('region', '3'), ('napath', 'E:\\JOGOS\\AION_CLASSIC'), ('eupath', 'E:\\JOGOS\\aionclassic')]
2023-05-19 12:52:02,632 [MainThread] -> [DEBUG] -> :: __init__() -> App() class initialized.
2023-05-19 12:52:02,660 [MainThread] -> [DEBUG] -> :: __init__() -> createTabs() class initialized.
2023-05-19 12:52:02,660 [MainThread] -> [DEBUG] -> :: app_config_read() -> app_config_read: [('theme', 'System'), ('color', 'Blue'), ('region', '3'), ('napath', 'E:\\JOGOS\\AION_CLASSIC'), ('eupath', 'E:\\JOGOS\\aionclassic')]
2023-05-19 12:52:02,661 [MainThread] -> [DEBUG] -> :: __init__() -> app_config.items(): [('theme', 'System'), ('color', 'Blue'), ('region', '3'), ('napath', 'E:\\JOGOS\\AION_CLASSIC'), ('eupath', 'E:\\JOGOS\\aionclassic')]
2023-05-19 12:52:02,670 [MainThread] -> [DEBUG] -> :: __init__() -> Tabs created.
2023-05-19 12:52:02,670 [MainThread] -> [DEBUG] -> :: app_config_read() -> app_config_read: [('theme', 'System'), ('color', 'Blue'), ('region', '3'), ('napath', 'E:\\JOGOS\\AION_CLASSIC'), ('eupath', 'E:\\JOGOS\\aionclassic')]
2023-05-19 12:52:02,671 [MainThread] -> [INFO] -> :: first_run() :: Not the first run anymore!
2023-05-19 12:52:02,789 [MainThread] -> [DEBUG] -> :: __init__() -> Tabs populated.
2023-05-19 12:52:02,790 [MainThread] -> [DEBUG] -> :: app_config_read() -> app_config_read: [('theme', 'System'), ('color', 'Blue'), ('region', '3'), ('napath', 'E:\\JOGOS\\AION_CLASSIC'), ('eupath', 'E:\\JOGOS\\aionclassic')]
2023-05-19 12:52:02,790 [MainThread] -> [DEBUG] -> :: __init__() -> Default values -> theme: System | region: 3 | napath: E:\JOGOS\AION_CLASSIC | eupath: E:\JOGOS\aionclassic | color: Blue
2023-05-19 12:52:02,801 [MainThread] -> [DEBUG] -> :: __init__() -> Default values read.
2023-05-19 12:52:08,189 [MainThread] -> [DEBUG] -> :: app_config_read() -> app_config_read: [('theme', 'System'), ('color', 'Blue'), ('region', '3'), ('napath', 'E:\\JOGOS\\AION_CLASSIC'), ('eupath', 'E:\\JOGOS\\aionclassic')]
2023-05-19 12:52:08,190 [MainThread] -> [DEBUG] -> :: app_config_write() -> app_config_write: [('theme', 'Dark'), ('color', 'Blue'), ('region', '3'), ('napath', 'E:\\JOGOS\\AION_CLASSIC'), ('eupath', 'E:\\JOGOS\\aionclassic')]
2023-05-19 12:52:08,191 [MainThread] -> [DEBUG] -> :: change_theme_event() -> Theme changed to 'Dark'.
2023-05-19 12:52:10,790 [MainThread] -> [DEBUG] -> :: app_config_read() -> app_config_read: [('theme', 'Dark'), ('color', 'Blue'), ('region', '3'), ('napath', 'E:\\JOGOS\\AION_CLASSIC'), ('eupath', 'E:\\JOGOS\\aionclassic')]
2023-05-19 12:52:10,793 [MainThread] -> [DEBUG] -> :: app_config_write() -> app_config_write: [('theme', 'System'), ('color', 'Blue'), ('region', '3'), ('napath', 'E:\\JOGOS\\AION_CLASSIC'), ('eupath', 'E:\\JOGOS\\aionclassic')]
2023-05-19 12:52:10,795 [MainThread] -> [DEBUG] -> :: change_theme_event() -> Theme changed to 'System'.
2023-05-19 12:52:30,043 [MainThread] -> [DEBUG] -> :: check_files_button() -> Check Files button pressed.
2023-05-19 12:52:30,044 [MainThread] -> [DEBUG] -> :: app_config_read() -> app_config_read: [('theme', 'System'), ('color', 'Blue'), ('region', '3'), ('napath', 'E:\\JOGOS\\AION_CLASSIC'), ('eupath', 'E:\\JOGOS\\aionclassic')]
2023-05-19 12:52:30,044 [MainThread] -> [DEBUG] -> :: check_game_path() -> na_path: E:\JOGOS\AION_CLASSIC
2023-05-19 12:52:30,044 [MainThread] -> [DEBUG] -> :: check_game_path() -> eu_path: E:\JOGOS\aionclassic
2023-05-19 12:52:30,045 [Thread-1 (check_files_thread)] -> [DEBUG] -> :: check_files_thread() -> thread started.
2023-05-19 12:52:30,045 [Thread-2 (check_files_thread)] -> [DEBUG] -> :: check_files_thread() -> thread started.
2023-05-19 12:52:30,045 [Thread-3 (check_files_thread)] -> [DEBUG] -> :: check_files_thread() -> thread started.
2023-05-19 12:52:30,061 [Thread-2 (check_files_thread)] -> [DEBUG] -> :: app_config_read() -> app_config_read: [('theme', 'System'), ('color', 'Blue'), ('region', '3'), ('napath', 'E:\\JOGOS\\AION_CLASSIC'), ('eupath', 'E:\\JOGOS\\aionclassic')]
2023-05-19 12:52:30,061 [Thread-2 (check_files_thread)] -> [DEBUG] -> :: check_files() -> file_path: textures\ui.
2023-05-19 12:52:30,062 [Thread-1 (check_files_thread)] -> [DEBUG] -> :: app_config_read() -> app_config_read: [('theme', 'System'), ('color', 'Blue'), ('region', '3'), ('napath', 'E:\\JOGOS\\AION_CLASSIC'), ('eupath', 'E:\\JOGOS\\aionclassic')]
2023-05-19 12:52:30,062 [Thread-1 (check_files_thread)] -> [DEBUG] -> :: check_files() -> file_path: data\Strings.
2023-05-19 12:52:30,063 [Thread-2 (check_files_thread)] -> [DEBUG] -> :: app_config_read() -> app_config_read: [('theme', 'System'), ('color', 'Blue'), ('region', '3'), ('napath', 'E:\\JOGOS\\AION_CLASSIC'), ('eupath', 'E:\\JOGOS\\aionclassic')]
2023-05-19 12:52:30,063 [Thread-3 (check_files_thread)] -> [DEBUG] -> :: app_config_read() -> app_config_read: [('theme', 'System'), ('color', 'Blue'), ('region', '3'), ('napath', 'E:\\JOGOS\\AION_CLASSIC'), ('eupath', 'E:\\JOGOS\\aionclassic')]
2023-05-19 12:52:30,063 [Thread-2 (check_files_thread)] -> [DEBUG] -> :: check_game_path() -> na_path: E:\JOGOS\AION_CLASSIC
2023-05-19 12:52:30,063 [Thread-3 (check_files_thread)] -> [DEBUG] -> :: check_files() -> file_path: sounds\voice.
2023-05-19 12:52:30,064 [Thread-1 (check_files_thread)] -> [DEBUG] -> :: app_config_read() -> app_config_read: [('theme', 'System'), ('color', 'Blue'), ('region', '3'), ('napath', 'E:\\JOGOS\\AION_CLASSIC'), ('eupath', 'E:\\JOGOS\\aionclassic')]
2023-05-19 12:52:30,064 [Thread-2 (check_files_thread)] -> [DEBUG] -> :: check_game_path() -> eu_path: E:\JOGOS\aionclassic
2023-05-19 12:52:30,065 [Thread-1 (check_files_thread)] -> [DEBUG] -> :: check_game_path() -> na_path: E:\JOGOS\AION_CLASSIC
2023-05-19 12:52:30,065 [Thread-3 (check_files_thread)] -> [DEBUG] -> :: app_config_read() -> app_config_read: [('theme', 'System'), ('color', 'Blue'), ('region', '3'), ('napath', 'E:\\JOGOS\\AION_CLASSIC'), ('eupath', 'E:\\JOGOS\\aionclassic')]
2023-05-19 12:52:30,066 [Thread-1 (check_files_thread)] -> [DEBUG] -> :: check_game_path() -> eu_path: E:\JOGOS\aionclassic
2023-05-19 12:52:30,066 [Thread-3 (check_files_thread)] -> [DEBUG] -> :: check_game_path() -> na_path: E:\JOGOS\AION_CLASSIC
2023-05-19 12:52:30,066 [Thread-2 (check_files_thread)] -> [DEBUG] -> :: app_config_read() -> app_config_read: [('theme', 'System'), ('color', 'Blue'), ('region', '3'), ('napath', 'E:\\JOGOS\\AION_CLASSIC'), ('eupath', 'E:\\JOGOS\\aionclassic')]
2023-05-19 12:52:30,067 [Thread-3 (check_files_thread)] -> [DEBUG] -> :: check_game_path() -> eu_path: E:\JOGOS\aionclassic
2023-05-19 12:52:30,067 [Thread-2 (check_files_thread)] -> [DEBUG] -> :: compare_files() -> assets_full_file_path: ['.\\assets\\textures\\ui'] - full_file_path: ['E:\\JOGOS\\AION_CLASSIC\\l10n\\enu\\textures\\ui', 'E:\\JOGOS\\aionclassic\\l10n\\eng\\textures\\ui', 'E:\\JOGOS\\aionclassic\\l10n\\fra\\textures\\ui', 'E:\\JOGOS\\aionclassic\\l10n\\deu\\textures\\ui']
2023-05-19 12:52:30,067 [Thread-1 (check_files_thread)] -> [DEBUG] -> :: app_config_read() -> app_config_read: [('theme', 'System'), ('color', 'Blue'), ('region', '3'), ('napath', 'E:\\JOGOS\\AION_CLASSIC'), ('eupath', 'E:\\JOGOS\\aionclassic')]
2023-05-19 12:52:30,068 [Thread-2 (check_files_thread)] -> [DEBUG] -> :: compare_files() -> assets_dir: .\assets\textures\ui.
2023-05-19 12:52:30,068 [Thread-1 (check_files_thread)] -> [DEBUG] -> :: compare_files() -> assets_full_file_path: ['.\\assets\\data\\Strings'] - full_file_path: ['E:\\JOGOS\\AION_CLASSIC\\l10n\\enu\\data\\Strings', 'E:\\JOGOS\\aionclassic\\l10n\\eng\\data\\Strings', 'E:\\JOGOS\\aionclassic\\l10n\\fra\\data\\Strings', 'E:\\JOGOS\\aionclassic\\l10n\\deu\\data\\Strings']
2023-05-19 12:52:30,068 [Thread-3 (check_files_thread)] -> [DEBUG] -> :: app_config_read() -> app_config_read: [('theme', 'System'), ('color', 'Blue'), ('region', '3'), ('napath', 'E:\\JOGOS\\AION_CLASSIC'), ('eupath', 'E:\\JOGOS\\aionclassic')]
2023-05-19 12:52:30,069 [Thread-1 (check_files_thread)] -> [DEBUG] -> :: compare_files() -> assets_dir: .\assets\data\Strings.
2023-05-19 12:52:30,069 [Thread-2 (check_files_thread)] -> [DEBUG] -> :: compare_files() -> file_path -> check_hash_list[]: AY E:\JOGOS\AION_CLASSIC\l10n\enu\textures\ui\hit_number.pak
2023-05-19 12:52:30,069 [Thread-3 (check_files_thread)] -> [DEBUG] -> :: compare_files() -> assets_full_file_path: ['.\\assets\\sounds\\voice'] - full_file_path: ['E:\\JOGOS\\AION_CLASSIC\\l10n\\enu\\sounds\\voice', 'E:\\JOGOS\\aionclassic\\l10n\\eng\\sounds\\voice', 'E:\\JOGOS\\aionclassic\\l10n\\fra\\sounds\\voice', 'E:\\JOGOS\\aionclassic\\l10n\\deu\\sounds\\voice']
2023-05-19 12:52:30,070 [Thread-1 (check_files_thread)] -> [DEBUG] -> :: compare_files() -> file_path -> check_hash_list[]: AY E:\JOGOS\AION_CLASSIC\l10n\enu\data\Strings\aionfilterline.dat
2023-05-19 12:52:30,071 [Thread-3 (check_files_thread)] -> [DEBUG] -> :: compare_files() -> assets_dir: .\assets\sounds\voice.
2023-05-19 12:52:30,072 [Thread-3 (check_files_thread)] -> [DEBUG] -> :: compare_files() -> file_path -> check_hash_list[]: AY E:\JOGOS\AION_CLASSIC\l10n\enu\sounds\voice\attack\attack.pak
2023-05-19 12:52:30,075 [Thread-3 (check_files_thread)] -> [DEBUG] -> :: compare_files() -> file_path -> check_hash_list[]: AY E:\JOGOS\aionclassic\l10n\eng\sounds\voice\attack\attack.pak
2023-05-19 12:52:30,075 [Thread-1 (check_files_thread)] -> [DEBUG] -> :: compare_files() -> file_path -> check_hash_list[]: AY E:\JOGOS\aionclassic\l10n\eng\data\Strings\aionfilterline.dat
2023-05-19 12:52:30,075 [Thread-2 (check_files_thread)] -> [DEBUG] -> :: compare_files() -> file_path -> check_hash_list[]: AY E:\JOGOS\aionclassic\l10n\eng\textures\ui\hit_number.pak
2023-05-19 12:52:30,076 [Thread-3 (check_files_thread)] -> [DEBUG] -> :: compare_files() -> file_path -> check_hash_list[]: AY E:\JOGOS\aionclassic\l10n\fra\sounds\voice\attack\attack.pak
2023-05-19 12:52:30,076 [Thread-1 (check_files_thread)] -> [DEBUG] -> :: compare_files() -> file_path -> check_hash_list[]: AY E:\JOGOS\aionclassic\l10n\fra\data\Strings\aionfilterline.dat
2023-05-19 12:52:30,076 [Thread-2 (check_files_thread)] -> [DEBUG] -> :: compare_files() -> file_path -> check_hash_list[]: AY E:\JOGOS\aionclassic\l10n\fra\textures\ui\hit_number.pak
2023-05-19 12:52:30,077 [Thread-1 (check_files_thread)] -> [DEBUG] -> :: compare_files() -> file_path -> check_hash_list[]: AY E:\JOGOS\aionclassic\l10n\deu\data\Strings\aionfilterline.dat
2023-05-19 12:52:30,077 [Thread-3 (check_files_thread)] -> [DEBUG] -> :: compare_files() -> file_path -> check_hash_list[]: AY E:\JOGOS\aionclassic\l10n\deu\sounds\voice\attack\attack.pak
2023-05-19 12:52:30,077 [Thread-2 (check_files_thread)] -> [DEBUG] -> :: compare_files() -> file_path -> check_hash_list[]: AY E:\JOGOS\aionclassic\l10n\deu\textures\ui\hit_number.pak
2023-05-19 12:52:30,078 [Thread-1 (check_files_thread)] -> [DEBUG] -> :: compare_files() -> file_path -> check_hash_list[]: AY E:\JOGOS\AION_CLASSIC\l10n\enu\data\Strings\aionfilterline.pak
2023-05-19 12:52:30,078 [Thread-2 (check_files_thread)] -> [DEBUG] -> :: compare_files() -> check_hash_list: [['.\\assets\\textures\\ui\\hit_number.pak', 'E:\\JOGOS\\AION_CLASSIC\\l10n\\enu\\textures\\ui\\hit_number.pak'], ['.\\assets\\textures\\ui\\hit_number.pak', 'E:\\JOGOS\\aionclassic\\l10n\\eng\\textures\\ui\\hit_number.pak'], ['.\\assets\\textures\\ui\\hit_number.pak', 'E:\\JOGOS\\aionclassic\\l10n\\fra\\textures\\ui\\hit_number.pak'], ['.\\assets\\textures\\ui\\hit_number.pak', 'E:\\JOGOS\\aionclassic\\l10n\\deu\\textures\\ui\\hit_number.pak']]
2023-05-19 12:52:30,079 [Thread-3 (check_files_thread)] -> [DEBUG] -> :: compare_files() -> file_path -> check_hash_list[]: AY E:\JOGOS\AION_CLASSIC\l10n\enu\sounds\voice\cast\cast.pak
2023-05-19 12:52:30,079 [Thread-1 (check_files_thread)] -> [DEBUG] -> :: compare_files() -> file_path -> check_hash_list[]: AY E:\JOGOS\aionclassic\l10n\eng\data\Strings\aionfilterline.pak
2023-05-19 12:52:30,079 [Thread-2 (check_files_thread)] -> [INFO] -> :: compare_files() -> check_hash_list: 4 files need to be compared.
2023-05-19 12:52:30,080 [Thread-3 (check_files_thread)] -> [DEBUG] -> :: compare_files() -> file_path -> check_hash_list[]: AY E:\JOGOS\aionclassic\l10n\eng\sounds\voice\cast\cast.pak
2023-05-19 12:52:30,080 [Thread-2 (check_files_thread)] -> [DEBUG] -> :: compare_files() -> copy_files_list: []
2023-05-19 12:52:30,080 [Thread-1 (check_files_thread)] -> [DEBUG] -> :: compare_files() -> file_path -> check_hash_list[]: AY E:\JOGOS\aionclassic\l10n\fra\data\Strings\aionfilterline.pak
2023-05-19 12:52:30,081 [Thread-2 (check_files_thread)] -> [DEBUG] -> :: compare_files_hash() -> compared_files: 2 [[['.\\assets\\textures\\ui\\hit_number.pak', 'E:\\JOGOS\\AION_CLASSIC\\l10n\\enu\\textures\\ui\\hit_number.pak'], ['.\\assets\\textures\\ui\\hit_number.pak', 'E:\\JOGOS\\aionclassic\\l10n\\eng\\textures\\ui\\hit_number.pak'], ['.\\assets\\textures\\ui\\hit_number.pak', 'E:\\JOGOS\\aionclassic\\l10n\\fra\\textures\\ui\\hit_number.pak'], ['.\\assets\\textures\\ui\\hit_number.pak', 'E:\\JOGOS\\aionclassic\\l10n\\deu\\textures\\ui\\hit_number.pak']], []].
2023-05-19 12:52:30,081 [Thread-3 (check_files_thread)] -> [DEBUG] -> :: compare_files() -> file_path -> check_hash_list[]: AY E:\JOGOS\aionclassic\l10n\fra\sounds\voice\cast\cast.pak
2023-05-19 12:52:30,081 [Thread-1 (check_files_thread)] -> [DEBUG] -> :: compare_files() -> file_path -> check_hash_list[]: AY E:\JOGOS\aionclassic\l10n\deu\data\Strings\aionfilterline.pak
2023-05-19 12:52:30,081 [Thread-2 (check_files_thread)] -> [DEBUG] -> :: compare_files_hash() -> asset_file: .\assets\textures\ui\hit_number.pak.
2023-05-19 12:52:30,082 [Thread-1 (check_files_thread)] -> [DEBUG] -> :: compare_files() -> check_hash_list: [['.\\assets\\data\\Strings\\aionfilterline.dat', 'E:\\JOGOS\\AION_CLASSIC\\l10n\\enu\\data\\Strings\\aionfilterline.dat'], ['.\\assets\\data\\Strings\\aionfilterline.dat', 'E:\\JOGOS\\aionclassic\\l10n\\eng\\data\\Strings\\aionfilterline.dat'], ['.\\assets\\data\\Strings\\aionfilterline.dat', 'E:\\JOGOS\\aionclassic\\l10n\\fra\\data\\Strings\\aionfilterline.dat'], ['.\\assets\\data\\Strings\\aionfilterline.dat', 'E:\\JOGOS\\aionclassic\\l10n\\deu\\data\\Strings\\aionfilterline.dat'], ['.\\assets\\data\\Strings\\aionfilterline.pak', 'E:\\JOGOS\\AION_CLASSIC\\l10n\\enu\\data\\Strings\\aionfilterline.pak'], ['.\\assets\\data\\Strings\\aionfilterline.pak', 'E:\\JOGOS\\aionclassic\\l10n\\eng\\data\\Strings\\aionfilterline.pak'], ['.\\assets\\data\\Strings\\aionfilterline.pak', 'E:\\JOGOS\\aionclassic\\l10n\\fra\\data\\Strings\\aionfilterline.pak'], ['.\\assets\\data\\Strings\\aionfilterline.pak', 'E:\\JOGOS\\aionclassic\\l10n\\deu\\data\\Strings\\aionfilterline.pak']]
2023-05-19 12:52:30,082 [Thread-3 (check_files_thread)] -> [DEBUG] -> :: compare_files() -> file_path -> check_hash_list[]: AY E:\JOGOS\aionclassic\l10n\deu\sounds\voice\cast\cast.pak
2023-05-19 12:52:30,083 [Thread-1 (check_files_thread)] -> [INFO] -> :: compare_files() -> check_hash_list: 8 files need to be compared.
2023-05-19 12:52:30,084 [Thread-1 (check_files_thread)] -> [DEBUG] -> :: compare_files() -> copy_files_list: []
2023-05-19 12:52:30,084 [Thread-1 (check_files_thread)] -> [DEBUG] -> :: compare_files_hash() -> compared_files: 2 [[['.\\assets\\data\\Strings\\aionfilterline.dat', 'E:\\JOGOS\\AION_CLASSIC\\l10n\\enu\\data\\Strings\\aionfilterline.dat'], ['.\\assets\\data\\Strings\\aionfilterline.dat', 'E:\\JOGOS\\aionclassic\\l10n\\eng\\data\\Strings\\aionfilterline.dat'], ['.\\assets\\data\\Strings\\aionfilterline.dat', 'E:\\JOGOS\\aionclassic\\l10n\\fra\\data\\Strings\\aionfilterline.dat'], ['.\\assets\\data\\Strings\\aionfilterline.dat', 'E:\\JOGOS\\aionclassic\\l10n\\deu\\data\\Strings\\aionfilterline.dat'], ['.\\assets\\data\\Strings\\aionfilterline.pak', 'E:\\JOGOS\\AION_CLASSIC\\l10n\\enu\\data\\Strings\\aionfilterline.pak'], ['.\\assets\\data\\Strings\\aionfilterline.pak', 'E:\\JOGOS\\aionclassic\\l10n\\eng\\data\\Strings\\aionfilterline.pak'], ['.\\assets\\data\\Strings\\aionfilterline.pak', 'E:\\JOGOS\\aionclassic\\l10n\\fra\\data\\Strings\\aionfilterline.pak'], ['.\\assets\\data\\Strings\\aionfilterline.pak', 'E:\\JOGOS\\aionclassic\\l10n\\deu\\data\\Strings\\aionfilterline.pak']], []].
2023-05-19 12:52:30,084 [Thread-3 (check_files_thread)] -> [DEBUG] -> :: compare_files() -> file_path -> check_hash_list[]: AY E:\JOGOS\AION_CLASSIC\l10n\enu\sounds\voice\damage\damage.pak
2023-05-19 12:52:30,085 [Thread-1 (check_files_thread)] -> [DEBUG] -> :: compare_files_hash() -> asset_file: .\assets\data\Strings\aionfilterline.dat.
2023-05-19 12:52:30,086 [Thread-3 (check_files_thread)] -> [DEBUG] -> :: compare_files() -> file_path -> check_hash_list[]: AY E:\JOGOS\aionclassic\l10n\eng\sounds\voice\damage\damage.pak
2023-05-19 12:52:30,086 [Thread-3 (check_files_thread)] -> [DEBUG] -> :: compare_files() -> file_path -> check_hash_list[]: AY E:\JOGOS\aionclassic\l10n\fra\sounds\voice\damage\damage.pak
2023-05-19 12:52:30,087 [Thread-3 (check_files_thread)] -> [DEBUG] -> :: compare_files() -> file_path -> check_hash_list[]: AY E:\JOGOS\aionclassic\l10n\deu\sounds\voice\damage\damage.pak
2023-05-19 12:52:30,088 [Thread-3 (check_files_thread)] -> [DEBUG] -> :: compare_files() -> file_path -> check_hash_list[]: AY E:\JOGOS\AION_CLASSIC\l10n\enu\sounds\voice\defence\defence.pak
2023-05-19 12:52:30,089 [Thread-3 (check_files_thread)] -> [DEBUG] -> :: compare_files() -> file_path -> check_hash_list[]: AY E:\JOGOS\aionclassic\l10n\eng\sounds\voice\defence\defence.pak
2023-05-19 12:52:30,090 [Thread-3 (check_files_thread)] -> [DEBUG] -> :: compare_files() -> file_path -> check_hash_list[]: AY E:\JOGOS\aionclassic\l10n\fra\sounds\voice\defence\defence.pak
2023-05-19 12:52:30,090 [Thread-3 (check_files_thread)] -> [DEBUG] -> :: compare_files() -> file_path -> check_hash_list[]: AY E:\JOGOS\aionclassic\l10n\deu\sounds\voice\defence\defence.pak
2023-05-19 12:52:30,091 [Thread-3 (check_files_thread)] -> [DEBUG] -> :: compare_files() -> file_path -> check_hash_list[]: AY E:\JOGOS\AION_CLASSIC\l10n\enu\sounds\voice\login\login.pak
2023-05-19 12:52:30,092 [Thread-3 (check_files_thread)] -> [DEBUG] -> :: compare_files() -> file_path -> check_hash_list[]: AY E:\JOGOS\aionclassic\l10n\eng\sounds\voice\login\login.pak
2023-05-19 12:52:30,093 [Thread-3 (check_files_thread)] -> [DEBUG] -> :: compare_files() -> file_path -> check_hash_list[]: AY E:\JOGOS\aionclassic\l10n\fra\sounds\voice\login\login.pak
2023-05-19 12:52:30,093 [Thread-3 (check_files_thread)] -> [DEBUG] -> :: compare_files() -> file_path -> check_hash_list[]: AY E:\JOGOS\aionclassic\l10n\deu\sounds\voice\login\login.pak
2023-05-19 12:52:30,094 [Thread-3 (check_files_thread)] -> [DEBUG] -> :: compare_files() -> file_path -> check_hash_list[]: AY E:\JOGOS\AION_CLASSIC\l10n\enu\sounds\voice\motion\motion.pak
2023-05-19 12:52:30,095 [Thread-3 (check_files_thread)] -> [DEBUG] -> :: compare_files() -> file_path -> check_hash_list[]: AY E:\JOGOS\aionclassic\l10n\eng\sounds\voice\motion\motion.pak
2023-05-19 12:52:30,095 [Thread-3 (check_files_thread)] -> [DEBUG] -> :: compare_files() -> file_path -> check_hash_list[]: AY E:\JOGOS\aionclassic\l10n\fra\sounds\voice\motion\motion.pak
2023-05-19 12:52:30,096 [Thread-3 (check_files_thread)] -> [DEBUG] -> :: compare_files() -> file_path -> check_hash_list[]: AY E:\JOGOS\aionclassic\l10n\deu\sounds\voice\motion\motion.pak
2023-05-19 12:52:30,096 [Thread-3 (check_files_thread)] -> [DEBUG] -> :: compare_files() -> check_hash_list: [['.\\assets\\sounds\\voice\\attack\\attack.pak', 'E:\\JOGOS\\AION_CLASSIC\\l10n\\enu\\sounds\\voice\\attack\\attack.pak'], ['.\\assets\\sounds\\voice\\attack\\attack.pak', 'E:\\JOGOS\\aionclassic\\l10n\\eng\\sounds\\voice\\attack\\attack.pak'], ['.\\assets\\sounds\\voice\\attack\\attack.pak', 'E:\\JOGOS\\aionclassic\\l10n\\fra\\sounds\\voice\\attack\\attack.pak'], ['.\\assets\\sounds\\voice\\attack\\attack.pak', 'E:\\JOGOS\\aionclassic\\l10n\\deu\\sounds\\voice\\attack\\attack.pak'], ['.\\assets\\sounds\\voice\\cast\\cast.pak', 'E:\\JOGOS\\AION_CLASSIC\\l10n\\enu\\sounds\\voice\\cast\\cast.pak'], ['.\\assets\\sounds\\voice\\cast\\cast.pak', 'E:\\JOGOS\\aionclassic\\l10n\\eng\\sounds\\voice\\cast\\cast.pak'], ['.\\assets\\sounds\\voice\\cast\\cast.pak', 'E:\\JOGOS\\aionclassic\\l10n\\fra\\sounds\\voice\\cast\\cast.pak'], ['.\\assets\\sounds\\voice\\cast\\cast.pak', 'E:\\JOGOS\\aionclassic\\l10n\\deu\\sounds\\voice\\cast\\cast.pak'], ['.\\assets\\sounds\\voice\\damage\\damage.pak', 'E:\\JOGOS\\AION_CLASSIC\\l10n\\enu\\sounds\\voice\\damage\\damage.pak'], ['.\\assets\\sounds\\voice\\damage\\damage.pak', 'E:\\JOGOS\\aionclassic\\l10n\\eng\\sounds\\voice\\damage\\damage.pak'], ['.\\assets\\sounds\\voice\\damage\\damage.pak', 'E:\\JOGOS\\aionclassic\\l10n\\fra\\sounds\\voice\\damage\\damage.pak'], ['.\\assets\\sounds\\voice\\damage\\damage.pak', 'E:\\JOGOS\\aionclassic\\l10n\\deu\\sounds\\voice\\damage\\damage.pak'], ['.\\assets\\sounds\\voice\\defence\\defence.pak', 'E:\\JOGOS\\AION_CLASSIC\\l10n\\enu\\sounds\\voice\\defence\\defence.pak'], ['.\\assets\\sounds\\voice\\defence\\defence.pak', 'E:\\JOGOS\\aionclassic\\l10n\\eng\\sounds\\voice\\defence\\defence.pak'], ['.\\assets\\sounds\\voice\\defence\\defence.pak', 'E:\\JOGOS\\aionclassic\\l10n\\fra\\sounds\\voice\\defence\\defence.pak'], ['.\\assets\\sounds\\voice\\defence\\defence.pak', 'E:\\JOGOS\\aionclassic\\l10n\\deu\\sounds\\voice\\defence\\defence.pak'], ['.\\assets\\sounds\\voice\\login\\login.pak', 'E:\\JOGOS\\AION_CLASSIC\\l10n\\enu\\sounds\\voice\\login\\login.pak'], ['.\\assets\\sounds\\voice\\login\\login.pak', 'E:\\JOGOS\\aionclassic\\l10n\\eng\\sounds\\voice\\login\\login.pak'], ['.\\assets\\sounds\\voice\\login\\login.pak', 'E:\\JOGOS\\aionclassic\\l10n\\fra\\sounds\\voice\\login\\login.pak'], ['.\\assets\\sounds\\voice\\login\\login.pak', 'E:\\JOGOS\\aionclassic\\l10n\\deu\\sounds\\voice\\login\\login.pak'], ['.\\assets\\sounds\\voice\\motion\\motion.pak', 'E:\\JOGOS\\AION_CLASSIC\\l10n\\enu\\sounds\\voice\\motion\\motion.pak'], ['.\\assets\\sounds\\voice\\motion\\motion.pak', 'E:\\JOGOS\\aionclassic\\l10n\\eng\\sounds\\voice\\motion\\motion.pak'], ['.\\assets\\sounds\\voice\\motion\\motion.pak', 'E:\\JOGOS\\aionclassic\\l10n\\fra\\sounds\\voice\\motion\\motion.pak'], ['.\\assets\\sounds\\voice\\motion\\motion.pak', 'E:\\JOGOS\\aionclassic\\l10n\\deu\\sounds\\voice\\motion\\motion.pak']]
2023-05-19 12:52:30,098 [Thread-3 (check_files_thread)] -> [INFO] -> :: compare_files() -> check_hash_list: 24 files need to be compared.
2023-05-19 12:52:30,098 [Thread-3 (check_files_thread)] -> [DEBUG] -> :: compare_files() -> copy_files_list: []
2023-05-19 12:52:30,099 [Thread-3 (check_files_thread)] -> [DEBUG] -> :: compare_files_hash() -> compared_files: 2 [[['.\\assets\\sounds\\voice\\attack\\attack.pak', 'E:\\JOGOS\\AION_CLASSIC\\l10n\\enu\\sounds\\voice\\attack\\attack.pak'], ['.\\assets\\sounds\\voice\\attack\\attack.pak', 'E:\\JOGOS\\aionclassic\\l10n\\eng\\sounds\\voice\\attack\\attack.pak'], ['.\\assets\\sounds\\voice\\attack\\attack.pak', 'E:\\JOGOS\\aionclassic\\l10n\\fra\\sounds\\voice\\attack\\attack.pak'], ['.\\assets\\sounds\\voice\\attack\\attack.pak', 'E:\\JOGOS\\aionclassic\\l10n\\deu\\sounds\\voice\\attack\\attack.pak'], ['.\\assets\\sounds\\voice\\cast\\cast.pak', 'E:\\JOGOS\\AION_CLASSIC\\l10n\\enu\\sounds\\voice\\cast\\cast.pak'], ['.\\assets\\sounds\\voice\\cast\\cast.pak', 'E:\\JOGOS\\aionclassic\\l10n\\eng\\sounds\\voice\\cast\\cast.pak'], ['.\\assets\\sounds\\voice\\cast\\cast.pak', 'E:\\JOGOS\\aionclassic\\l10n\\fra\\sounds\\voice\\cast\\cast.pak'], ['.\\assets\\sounds\\voice\\cast\\cast.pak', 'E:\\JOGOS\\aionclassic\\l10n\\deu\\sounds\\voice\\cast\\cast.pak'], ['.\\assets\\sounds\\voice\\damage\\damage.pak', 'E:\\JOGOS\\AION_CLASSIC\\l10n\\enu\\sounds\\voice\\damage\\damage.pak'], ['.\\assets\\sounds\\voice\\damage\\damage.pak', 'E:\\JOGOS\\aionclassic\\l10n\\eng\\sounds\\voice\\damage\\damage.pak'], ['.\\assets\\sounds\\voice\\damage\\damage.pak', 'E:\\JOGOS\\aionclassic\\l10n\\fra\\sounds\\voice\\damage\\damage.pak'], ['.\\assets\\sounds\\voice\\damage\\damage.pak', 'E:\\JOGOS\\aionclassic\\l10n\\deu\\sounds\\voice\\damage\\damage.pak'], ['.\\assets\\sounds\\voice\\defence\\defence.pak', 'E:\\JOGOS\\AION_CLASSIC\\l10n\\enu\\sounds\\voice\\defence\\defence.pak'], ['.\\assets\\sounds\\voice\\defence\\defence.pak', 'E:\\JOGOS\\aionclassic\\l10n\\eng\\sounds\\voice\\defence\\defence.pak'], ['.\\assets\\sounds\\voice\\defence\\defence.pak', 'E:\\JOGOS\\aionclassic\\l10n\\fra\\sounds\\voice\\defence\\defence.pak'], ['.\\assets\\sounds\\voice\\defence\\defence.pak', 'E:\\JOGOS\\aionclassic\\l10n\\deu\\sounds\\voice\\defence\\defence.pak'], ['.\\assets\\sounds\\voice\\login\\login.pak', 'E:\\JOGOS\\AION_CLASSIC\\l10n\\enu\\sounds\\voice\\login\\login.pak'], ['.\\assets\\sounds\\voice\\login\\login.pak', 'E:\\JOGOS\\aionclassic\\l10n\\eng\\sounds\\voice\\login\\login.pak'], ['.\\assets\\sounds\\voice\\login\\login.pak', 'E:\\JOGOS\\aionclassic\\l10n\\fra\\sounds\\voice\\login\\login.pak'], ['.\\assets\\sounds\\voice\\login\\login.pak', 'E:\\JOGOS\\aionclassic\\l10n\\deu\\sounds\\voice\\login\\login.pak'], ['.\\assets\\sounds\\voice\\motion\\motion.pak', 'E:\\JOGOS\\AION_CLASSIC\\l10n\\enu\\sounds\\voice\\motion\\motion.pak'], ['.\\assets\\sounds\\voice\\motion\\motion.pak', 'E:\\JOGOS\\aionclassic\\l10n\\eng\\sounds\\voice\\motion\\motion.pak'], ['.\\assets\\sounds\\voice\\motion\\motion.pak', 'E:\\JOGOS\\aionclassic\\l10n\\fra\\sounds\\voice\\motion\\motion.pak'], ['.\\assets\\sounds\\voice\\motion\\motion.pak', 'E:\\JOGOS\\aionclassic\\l10n\\deu\\sounds\\voice\\motion\\motion.pak']], []].
2023-05-19 12:52:30,101 [Thread-3 (check_files_thread)] -> [DEBUG] -> :: compare_files_hash() -> asset_file: .\assets\sounds\voice\attack\attack.pak.
2023-05-19 12:52:30,120 [Thread-2 (check_files_thread)] -> [DEBUG] -> :: compare_files_hash() -> game_file: E:\JOGOS\AION_CLASSIC\l10n\enu\textures\ui\hit_number.pak.
2023-05-19 12:52:30,131 [Thread-1 (check_files_thread)] -> [DEBUG] -> :: compare_files_hash() -> game_file: E:\JOGOS\AION_CLASSIC\l10n\enu\data\Strings\aionfilterline.dat.
2023-05-19 12:52:30,132 [Thread-1 (check_files_thread)] -> [DEBUG] -> :: compare_files_hash() -> asset_file: .\assets\data\Strings\aionfilterline.dat.
2023-05-19 12:52:30,133 [Thread-1 (check_files_thread)] -> [DEBUG] -> :: compare_files_hash() -> game_file: E:\JOGOS\aionclassic\l10n\eng\data\Strings\aionfilterline.dat.
2023-05-19 12:52:30,134 [Thread-1 (check_files_thread)] -> [DEBUG] -> :: compare_files_hash() -> asset_file: .\assets\data\Strings\aionfilterline.dat.
2023-05-19 12:52:30,135 [Thread-2 (check_files_thread)] -> [DEBUG] -> :: compare_files_hash() -> asset_file: .\assets\textures\ui\hit_number.pak.
2023-05-19 12:52:30,135 [Thread-1 (check_files_thread)] -> [DEBUG] -> :: compare_files_hash() -> game_file: E:\JOGOS\aionclassic\l10n\fra\data\Strings\aionfilterline.dat.
2023-05-19 12:52:30,136 [Thread-2 (check_files_thread)] -> [DEBUG] -> :: compare_files_hash() -> game_file: E:\JOGOS\aionclassic\l10n\eng\textures\ui\hit_number.pak.
2023-05-19 12:52:30,137 [Thread-1 (check_files_thread)] -> [DEBUG] -> :: compare_files_hash() -> asset_file: .\assets\data\Strings\aionfilterline.dat.
2023-05-19 12:52:30,137 [Thread-1 (check_files_thread)] -> [DEBUG] -> :: compare_files_hash() -> game_file: E:\JOGOS\aionclassic\l10n\deu\data\Strings\aionfilterline.dat.
2023-05-19 12:52:30,139 [Thread-1 (check_files_thread)] -> [DEBUG] -> :: compare_files_hash() -> asset_file: .\assets\data\Strings\aionfilterline.pak.
2023-05-19 12:52:30,149 [Thread-2 (check_files_thread)] -> [DEBUG] -> :: compare_files_hash() -> asset_file: .\assets\textures\ui\hit_number.pak.
2023-05-19 12:52:30,150 [Thread-2 (check_files_thread)] -> [DEBUG] -> :: compare_files_hash() -> game_file: E:\JOGOS\aionclassic\l10n\fra\textures\ui\hit_number.pak.
2023-05-19 12:52:30,156 [Thread-3 (check_files_thread)] -> [DEBUG] -> :: compare_files_hash() -> game_file: E:\JOGOS\AION_CLASSIC\l10n\enu\sounds\voice\attack\attack.pak.
2023-05-19 12:52:30,160 [Thread-1 (check_files_thread)] -> [DEBUG] -> :: compare_files_hash() -> game_file: E:\JOGOS\AION_CLASSIC\l10n\enu\data\Strings\aionfilterline.pak.
2023-05-19 12:52:30,162 [Thread-1 (check_files_thread)] -> [DEBUG] -> :: compare_files_hash() -> asset_file: .\assets\data\Strings\aionfilterline.pak.
2023-05-19 12:52:30,162 [Thread-1 (check_files_thread)] -> [DEBUG] -> :: compare_files_hash() -> game_file: E:\JOGOS\aionclassic\l10n\eng\data\Strings\aionfilterline.pak.
2023-05-19 12:52:30,164 [Thread-1 (check_files_thread)] -> [DEBUG] -> :: compare_files_hash() -> asset_file: .\assets\data\Strings\aionfilterline.pak.
2023-05-19 12:52:30,164 [Thread-1 (check_files_thread)] -> [DEBUG] -> :: compare_files_hash() -> game_file: E:\JOGOS\aionclassic\l10n\fra\data\Strings\aionfilterline.pak.
2023-05-19 12:52:30,165 [Thread-2 (check_files_thread)] -> [DEBUG] -> :: compare_files_hash() -> asset_file: .\assets\textures\ui\hit_number.pak.
2023-05-19 12:52:30,166 [Thread-1 (check_files_thread)] -> [DEBUG] -> :: compare_files_hash() -> asset_file: .\assets\data\Strings\aionfilterline.pak.
2023-05-19 12:52:30,166 [Thread-2 (check_files_thread)] -> [DEBUG] -> :: compare_files_hash() -> game_file: E:\JOGOS\aionclassic\l10n\deu\textures\ui\hit_number.pak.
2023-05-19 12:52:30,166 [Thread-1 (check_files_thread)] -> [DEBUG] -> :: compare_files_hash() -> game_file: E:\JOGOS\aionclassic\l10n\deu\data\Strings\aionfilterline.pak.
2023-05-19 12:52:30,168 [Thread-1 (check_files_thread)] -> [DEBUG] -> :: compare_files_hash() -> copy_files_list: 0 [].
2023-05-19 12:52:30,168 [Thread-1 (check_files_thread)] -> [INFO] -> :: compare_files_hash() -> copy_files_list: 0 files need to be moved.
2023-05-19 12:52:30,168 [Thread-1 (check_files_thread)] -> [DEBUG] -> :: check_files() -> copy_files_check: 0 - check_all :: []
2023-05-19 12:52:30,183 [Thread-2 (check_files_thread)] -> [DEBUG] -> :: compare_files_hash() -> copy_files_list: 0 [].
2023-05-19 12:52:30,183 [Thread-2 (check_files_thread)] -> [INFO] -> :: compare_files_hash() -> copy_files_list: 0 files need to be moved.
2023-05-19 12:52:30,184 [Thread-2 (check_files_thread)] -> [DEBUG] -> :: check_files() -> copy_files_check: 0 - check_all :: []
2023-05-19 12:52:30,195 [Thread-3 (check_files_thread)] -> [DEBUG] -> :: compare_files_hash() -> asset_file: .\assets\sounds\voice\attack\attack.pak.
2023-05-19 12:52:30,211 [Thread-3 (check_files_thread)] -> [DEBUG] -> :: compare_files_hash() -> game_file: E:\JOGOS\aionclassic\l10n\eng\sounds\voice\attack\attack.pak.
2023-05-19 12:52:30,246 [Thread-3 (check_files_thread)] -> [DEBUG] -> :: compare_files_hash() -> asset_file: .\assets\sounds\voice\attack\attack.pak.
2023-05-19 12:52:30,262 [Thread-3 (check_files_thread)] -> [DEBUG] -> :: compare_files_hash() -> game_file: E:\JOGOS\aionclassic\l10n\fra\sounds\voice\attack\attack.pak.
2023-05-19 12:52:30,296 [Thread-3 (check_files_thread)] -> [DEBUG] -> :: compare_files_hash() -> asset_file: .\assets\sounds\voice\attack\attack.pak.
2023-05-19 12:52:30,312 [Thread-3 (check_files_thread)] -> [DEBUG] -> :: compare_files_hash() -> game_file: E:\JOGOS\aionclassic\l10n\deu\sounds\voice\attack\attack.pak.
2023-05-19 12:52:30,347 [Thread-3 (check_files_thread)] -> [DEBUG] -> :: compare_files_hash() -> asset_file: .\assets\sounds\voice\cast\cast.pak.
2023-05-19 12:52:30,435 [Thread-3 (check_files_thread)] -> [DEBUG] -> :: compare_files_hash() -> game_file: E:\JOGOS\AION_CLASSIC\l10n\enu\sounds\voice\cast\cast.pak.
2023-05-19 12:52:30,525 [Thread-3 (check_files_thread)] -> [DEBUG] -> :: compare_files_hash() -> asset_file: .\assets\sounds\voice\cast\cast.pak.
2023-05-19 12:52:30,597 [Thread-3 (check_files_thread)] -> [DEBUG] -> :: compare_files_hash() -> game_file: E:\JOGOS\aionclassic\l10n\eng\sounds\voice\cast\cast.pak.
2023-05-19 12:52:30,696 [Thread-3 (check_files_thread)] -> [DEBUG] -> :: compare_files_hash() -> asset_file: .\assets\sounds\voice\cast\cast.pak.
2023-05-19 12:52:30,768 [Thread-3 (check_files_thread)] -> [DEBUG] -> :: compare_files_hash() -> game_file: E:\JOGOS\aionclassic\l10n\fra\sounds\voice\cast\cast.pak.
2023-05-19 12:52:30,855 [Thread-3 (check_files_thread)] -> [DEBUG] -> :: compare_files_hash() -> asset_file: .\assets\sounds\voice\cast\cast.pak.
2023-05-19 12:52:30,940 [Thread-3 (check_files_thread)] -> [DEBUG] -> :: compare_files_hash() -> game_file: E:\JOGOS\aionclassic\l10n\deu\sounds\voice\cast\cast.pak.
2023-05-19 12:52:31,027 [Thread-3 (check_files_thread)] -> [DEBUG] -> :: compare_files_hash() -> asset_file: .\assets\sounds\voice\damage\damage.pak.
2023-05-19 12:52:31,059 [Thread-3 (check_files_thread)] -> [DEBUG] -> :: compare_files_hash() -> game_file: E:\JOGOS\AION_CLASSIC\l10n\enu\sounds\voice\damage\damage.pak.
2023-05-19 12:52:31,090 [Thread-3 (check_files_thread)] -> [DEBUG] -> :: compare_files_hash() -> asset_file: .\assets\sounds\voice\damage\damage.pak.
2023-05-19 12:52:31,103 [Thread-3 (check_files_thread)] -> [DEBUG] -> :: compare_files_hash() -> game_file: E:\JOGOS\aionclassic\l10n\eng\sounds\voice\damage\damage.pak.
2023-05-19 12:52:31,133 [Thread-3 (check_files_thread)] -> [DEBUG] -> :: compare_files_hash() -> asset_file: .\assets\sounds\voice\damage\damage.pak.
2023-05-19 12:52:31,147 [Thread-3 (check_files_thread)] -> [DEBUG] -> :: compare_files_hash() -> game_file: E:\JOGOS\aionclassic\l10n\fra\sounds\voice\damage\damage.pak.
2023-05-19 12:52:31,177 [Thread-3 (check_files_thread)] -> [DEBUG] -> :: compare_files_hash() -> asset_file: .\assets\sounds\voice\damage\damage.pak.
2023-05-19 12:52:31,190 [Thread-3 (check_files_thread)] -> [DEBUG] -> :: compare_files_hash() -> game_file: E:\JOGOS\aionclassic\l10n\deu\sounds\voice\damage\damage.pak.
2023-05-19 12:52:31,221 [Thread-3 (check_files_thread)] -> [DEBUG] -> :: compare_files_hash() -> asset_file: .\assets\sounds\voice\defence\defence.pak.
2023-05-19 12:52:31,234 [Thread-3 (check_files_thread)] -> [DEBUG] -> :: compare_files_hash() -> game_file: E:\JOGOS\AION_CLASSIC\l10n\enu\sounds\voice\defence\defence.pak.
2023-05-19 12:52:31,247 [Thread-3 (check_files_thread)] -> [DEBUG] -> :: compare_files_hash() -> asset_file: .\assets\sounds\voice\defence\defence.pak.
2023-05-19 12:52:31,250 [Thread-3 (check_files_thread)] -> [DEBUG] -> :: compare_files_hash() -> game_file: E:\JOGOS\aionclassic\l10n\eng\sounds\voice\defence\defence.pak.
2023-05-19 12:52:31,262 [Thread-3 (check_files_thread)] -> [DEBUG] -> :: compare_files_hash() -> asset_file: .\assets\sounds\voice\defence\defence.pak.
2023-05-19 12:52:31,266 [Thread-3 (check_files_thread)] -> [DEBUG] -> :: compare_files_hash() -> game_file: E:\JOGOS\aionclassic\l10n\fra\sounds\voice\defence\defence.pak.
2023-05-19 12:52:31,278 [Thread-3 (check_files_thread)] -> [DEBUG] -> :: compare_files_hash() -> asset_file: .\assets\sounds\voice\defence\defence.pak.
2023-05-19 12:52:31,281 [Thread-3 (check_files_thread)] -> [DEBUG] -> :: compare_files_hash() -> game_file: E:\JOGOS\aionclassic\l10n\deu\sounds\voice\defence\defence.pak.
2023-05-19 12:52:31,293 [Thread-3 (check_files_thread)] -> [DEBUG] -> :: compare_files_hash() -> asset_file: .\assets\sounds\voice\login\login.pak.
2023-05-19 12:52:31,306 [Thread-3 (check_files_thread)] -> [DEBUG] -> :: compare_files_hash() -> game_file: E:\JOGOS\AION_CLASSIC\l10n\enu\sounds\voice\login\login.pak.
2023-05-19 12:52:31,320 [Thread-3 (check_files_thread)] -> [DEBUG] -> :: compare_files_hash() -> asset_file: .\assets\sounds\voice\login\login.pak.
2023-05-19 12:52:31,324 [Thread-3 (check_files_thread)] -> [DEBUG] -> :: compare_files_hash() -> game_file: E:\JOGOS\aionclassic\l10n\eng\sounds\voice\login\login.pak.
2023-05-19 12:52:31,337 [Thread-3 (check_files_thread)] -> [DEBUG] -> :: compare_files_hash() -> asset_file: .\assets\sounds\voice\login\login.pak.
2023-05-19 12:52:31,341 [Thread-3 (check_files_thread)] -> [DEBUG] -> :: compare_files_hash() -> game_file: E:\JOGOS\aionclassic\l10n\fra\sounds\voice\login\login.pak.
2023-05-19 12:52:31,354 [Thread-3 (check_files_thread)] -> [DEBUG] -> :: compare_files_hash() -> asset_file: .\assets\sounds\voice\login\login.pak.
2023-05-19 12:52:31,358 [Thread-3 (check_files_thread)] -> [DEBUG] -> :: compare_files_hash() -> game_file: E:\JOGOS\aionclassic\l10n\deu\sounds\voice\login\login.pak.
2023-05-19 12:52:31,370 [Thread-3 (check_files_thread)] -> [DEBUG] -> :: compare_files_hash() -> asset_file: .\assets\sounds\voice\motion\motion.pak.
2023-05-19 12:52:31,382 [Thread-3 (check_files_thread)] -> [DEBUG] -> :: compare_files_hash() -> game_file: E:\JOGOS\AION_CLASSIC\l10n\enu\sounds\voice\motion\motion.pak.
2023-05-19 12:52:31,393 [Thread-3 (check_files_thread)] -> [DEBUG] -> :: compare_files_hash() -> asset_file: .\assets\sounds\voice\motion\motion.pak.
2023-05-19 12:52:31,396 [Thread-3 (check_files_thread)] -> [DEBUG] -> :: compare_files_hash() -> game_file: E:\JOGOS\aionclassic\l10n\eng\sounds\voice\motion\motion.pak.
2023-05-19 12:52:31,407 [Thread-3 (check_files_thread)] -> [DEBUG] -> :: compare_files_hash() -> asset_file: .\assets\sounds\voice\motion\motion.pak.
2023-05-19 12:52:31,411 [Thread-3 (check_files_thread)] -> [DEBUG] -> :: compare_files_hash() -> game_file: E:\JOGOS\aionclassic\l10n\fra\sounds\voice\motion\motion.pak.
2023-05-19 12:52:31,422 [Thread-3 (check_files_thread)] -> [DEBUG] -> :: compare_files_hash() -> asset_file: .\assets\sounds\voice\motion\motion.pak.
2023-05-19 12:52:31,425 [Thread-3 (check_files_thread)] -> [DEBUG] -> :: compare_files_hash() -> game_file: E:\JOGOS\aionclassic\l10n\deu\sounds\voice\motion\motion.pak.
2023-05-19 12:52:31,436 [Thread-3 (check_files_thread)] -> [DEBUG] -> :: compare_files_hash() -> copy_files_list: 0 [].
2023-05-19 12:52:31,436 [Thread-3 (check_files_thread)] -> [INFO] -> :: compare_files_hash() -> copy_files_list: 0 files need to be moved.
2023-05-19 12:52:31,437 [Thread-3 (check_files_thread)] -> [DEBUG] -> :: check_files() -> copy_files_check: 0 - check_all :: []
2023-05-19 12:52:33,403 [MainThread] -> [DEBUG] -> :: check_files_button() -> Check Backup Files button pressed.
2023-05-19 12:52:33,406 [MainThread] -> [DEBUG] -> :: app_config_read() -> app_config_read: [('theme', 'System'), ('color', 'Blue'), ('region', '3'), ('napath', 'E:\\JOGOS\\AION_CLASSIC'), ('eupath', 'E:\\JOGOS\\aionclassic')]
2023-05-19 12:52:33,407 [MainThread] -> [DEBUG] -> :: check_game_path() -> na_path: E:\JOGOS\AION_CLASSIC
2023-05-19 12:52:33,409 [MainThread] -> [DEBUG] -> :: check_game_path() -> eu_path: E:\JOGOS\aionclassic
2023-05-19 12:52:33,412 [Thread-4 (check_files_thread)] -> [DEBUG] -> :: check_files_thread() -> thread started.
2023-05-19 12:52:33,413 [Thread-5 (check_files_thread)] -> [DEBUG] -> :: check_files_thread() -> thread started.
2023-05-19 12:52:33,414 [Thread-6 (check_files_thread)] -> [DEBUG] -> :: check_files_thread() -> thread started.
2023-05-19 12:52:33,455 [Thread-5 (check_files_thread)] -> [DEBUG] -> :: check_existing_backup() -> backup_files_list: [].
2023-05-19 12:52:33,455 [Thread-6 (check_files_thread)] -> [DEBUG] -> :: check_existing_backup() -> backup_files_list: None.
2023-05-19 12:52:33,459 [Thread-5 (check_files_thread)] -> [DEBUG] -> :: app_config_read() -> app_config_read: [('theme', 'System'), ('color', 'Blue'), ('region', '3'), ('napath', 'E:\\JOGOS\\AION_CLASSIC'), ('eupath', 'E:\\JOGOS\\aionclassic')]
2023-05-19 12:52:33,461 [Thread-6 (check_files_thread)] -> [DEBUG] -> :: app_config_read() -> app_config_read: [('theme', 'System'), ('color', 'Blue'), ('region', '3'), ('napath', 'E:\\JOGOS\\AION_CLASSIC'), ('eupath', 'E:\\JOGOS\\aionclassic')]
2023-05-19 12:52:33,462 [Thread-5 (check_files_thread)] -> [DEBUG] -> :: check_files() -> file_path: textures\ui.
2023-05-19 12:52:33,463 [Thread-6 (check_files_thread)] -> [DEBUG] -> :: check_files() -> file_path: sounds\voice.
2023-05-19 12:52:33,466 [Thread-5 (check_files_thread)] -> [DEBUG] -> :: app_config_read() -> app_config_read: [('theme', 'System'), ('color', 'Blue'), ('region', '3'), ('napath', 'E:\\JOGOS\\AION_CLASSIC'), ('eupath', 'E:\\JOGOS\\aionclassic')]
2023-05-19 12:52:33,467 [Thread-6 (check_files_thread)] -> [DEBUG] -> :: app_config_read() -> app_config_read: [('theme', 'System'), ('color', 'Blue'), ('region', '3'), ('napath', 'E:\\JOGOS\\AION_CLASSIC'), ('eupath', 'E:\\JOGOS\\aionclassic')]
2023-05-19 12:52:33,467 [Thread-5 (check_files_thread)] -> [DEBUG] -> :: check_game_path() -> na_path: E:\JOGOS\AION_CLASSIC
2023-05-19 12:52:33,468 [Thread-6 (check_files_thread)] -> [DEBUG] -> :: check_game_path() -> na_path: E:\JOGOS\AION_CLASSIC
2023-05-19 12:52:33,469 [Thread-5 (check_files_thread)] -> [DEBUG] -> :: check_game_path() -> eu_path: E:\JOGOS\aionclassic
2023-05-19 12:52:33,470 [Thread-6 (check_files_thread)] -> [DEBUG] -> :: check_game_path() -> eu_path: E:\JOGOS\aionclassic
2023-05-19 12:52:33,473 [Thread-5 (check_files_thread)] -> [DEBUG] -> :: app_config_read() -> app_config_read: [('theme', 'System'), ('color', 'Blue'), ('region', '3'), ('napath', 'E:\\JOGOS\\AION_CLASSIC'), ('eupath', 'E:\\JOGOS\\aionclassic')]
2023-05-19 12:52:33,474 [Thread-6 (check_files_thread)] -> [DEBUG] -> :: app_config_read() -> app_config_read: [('theme', 'System'), ('color', 'Blue'), ('region', '3'), ('napath', 'E:\\JOGOS\\AION_CLASSIC'), ('eupath', 'E:\\JOGOS\\aionclassic')]
2023-05-19 12:52:33,475 [Thread-5 (check_files_thread)] -> [DEBUG] -> :: compare_files() -> assets_full_file_path: ['.\\assets\\textures\\ui'] - full_file_path: ['E:\\JOGOS\\AION_CLASSIC\\l10n\\enu\\textures\\ui', 'E:\\JOGOS\\aionclassic\\l10n\\eng\\textures\\ui', 'E:\\JOGOS\\aionclassic\\l10n\\fra\\textures\\ui', 'E:\\JOGOS\\aionclassic\\l10n\\deu\\textures\\ui']
2023-05-19 12:52:33,475 [Thread-6 (check_files_thread)] -> [DEBUG] -> :: compare_files() -> assets_full_file_path: ['.\\assets\\sounds\\voice'] - full_file_path: ['E:\\JOGOS\\AION_CLASSIC\\l10n\\enu\\sounds\\voice', 'E:\\JOGOS\\aionclassic\\l10n\\eng\\sounds\\voice', 'E:\\JOGOS\\aionclassic\\l10n\\fra\\sounds\\voice', 'E:\\JOGOS\\aionclassic\\l10n\\deu\\sounds\\voice']
2023-05-19 12:52:33,476 [Thread-5 (check_files_thread)] -> [DEBUG] -> :: compare_files() -> assets_dir: .\assets\textures\ui.
2023-05-19 12:52:33,477 [Thread-6 (check_files_thread)] -> [DEBUG] -> :: compare_files() -> assets_dir: .\assets\sounds\voice.
2023-05-19 12:52:33,479 [Thread-5 (check_files_thread)] -> [DEBUG] -> :: compare_files() -> file_path -> check_hash_list[]: AY E:\JOGOS\AION_CLASSIC\l10n\enu\textures\ui\hit_number.pak.bkp
2023-05-19 12:52:33,480 [Thread-6 (check_files_thread)] -> [DEBUG] -> :: compare_files() -> file_path -> check_hash_list[]: AY E:\JOGOS\AION_CLASSIC\l10n\enu\sounds\voice\attack\attack.pak.bkp
2023-05-19 12:52:33,480 [Thread-5 (check_files_thread)] -> [DEBUG] -> :: compare_files() -> file_path -> check_hash_list[]: AY E:\JOGOS\aionclassic\l10n\eng\textures\ui\hit_number.pak.bkp
2023-05-19 12:52:33,480 [Thread-6 (check_files_thread)] -> [DEBUG] -> :: compare_files() -> file_path -> check_hash_list[]: AY E:\JOGOS\aionclassic\l10n\eng\sounds\voice\attack\attack.pak.bkp
2023-05-19 12:52:33,481 [Thread-5 (check_files_thread)] -> [DEBUG] -> :: compare_files() -> file_path -> check_hash_list[]: AY E:\JOGOS\aionclassic\l10n\fra\textures\ui\hit_number.pak.bkp
2023-05-19 12:52:33,481 [Thread-6 (check_files_thread)] -> [DEBUG] -> :: compare_files() -> file_path -> check_hash_list[]: AY E:\JOGOS\aionclassic\l10n\fra\sounds\voice\attack\attack.pak.bkp
2023-05-19 12:52:33,481 [Thread-5 (check_files_thread)] -> [DEBUG] -> :: compare_files() -> file_path -> check_hash_list[]: AY E:\JOGOS\aionclassic\l10n\deu\textures\ui\hit_number.pak.bkp
2023-05-19 12:52:33,482 [Thread-5 (check_files_thread)] -> [DEBUG] -> :: compare_files() -> check_hash_list: [['E:\\JOGOS\\AION_CLASSIC\\l10n\\enu\\textures\\ui\\hit_number.pak', 'E:\\JOGOS\\AION_CLASSIC\\l10n\\enu\\textures\\ui\\hit_number.pak.bkp'], ['E:\\JOGOS\\aionclassic\\l10n\\eng\\textures\\ui\\hit_number.pak', 'E:\\JOGOS\\aionclassic\\l10n\\eng\\textures\\ui\\hit_number.pak.bkp'], ['E:\\JOGOS\\aionclassic\\l10n\\fra\\textures\\ui\\hit_number.pak', 'E:\\JOGOS\\aionclassic\\l10n\\fra\\textures\\ui\\hit_number.pak.bkp'], ['E:\\JOGOS\\aionclassic\\l10n\\deu\\textures\\ui\\hit_number.pak', 'E:\\JOGOS\\aionclassic\\l10n\\deu\\textures\\ui\\hit_number.pak.bkp']]
2023-05-19 12:52:33,482 [Thread-6 (check_files_thread)] -> [DEBUG] -> :: compare_files() -> file_path -> check_hash_list[]: AY E:\JOGOS\aionclassic\l10n\deu\sounds\voice\attack\attack.pak.bkp
2023-05-19 12:52:33,482 [Thread-5 (check_files_thread)] -> [INFO] -> :: compare_files() -> check_hash_list: 4 files need to be compared.
2023-05-19 12:52:33,483 [Thread-5 (check_files_thread)] -> [DEBUG] -> :: compare_files() -> copy_files_list: []
2023-05-19 12:52:33,483 [Thread-5 (check_files_thread)] -> [DEBUG] -> :: check_files() -> copy_files_check: 0 - check_backup :: []
2023-05-19 12:52:33,484 [Thread-6 (check_files_thread)] -> [DEBUG] -> :: compare_files() -> file_path -> check_hash_list[]: AY E:\JOGOS\AION_CLASSIC\l10n\enu\sounds\voice\cast\cast.pak.bkp
2023-05-19 12:52:33,484 [Thread-6 (check_files_thread)] -> [DEBUG] -> :: compare_files() -> file_path -> check_hash_list[]: AY E:\JOGOS\aionclassic\l10n\eng\sounds\voice\cast\cast.pak.bkp
2023-05-19 12:52:33,485 [Thread-6 (check_files_thread)] -> [DEBUG] -> :: compare_files() -> file_path -> check_hash_list[]: AY E:\JOGOS\aionclassic\l10n\fra\sounds\voice\cast\cast.pak.bkp
2023-05-19 12:52:33,485 [Thread-6 (check_files_thread)] -> [DEBUG] -> :: compare_files() -> file_path -> check_hash_list[]: AY E:\JOGOS\aionclassic\l10n\deu\sounds\voice\cast\cast.pak.bkp
2023-05-19 12:52:33,486 [Thread-6 (check_files_thread)] -> [DEBUG] -> :: compare_files() -> file_path -> check_hash_list[]: AY E:\JOGOS\AION_CLASSIC\l10n\enu\sounds\voice\damage\damage.pak.bkp
2023-05-19 12:52:33,487 [Thread-6 (check_files_thread)] -> [DEBUG] -> :: compare_files() -> file_path -> check_hash_list[]: AY E:\JOGOS\aionclassic\l10n\eng\sounds\voice\damage\damage.pak.bkp
2023-05-19 12:52:33,487 [Thread-6 (check_files_thread)] -> [DEBUG] -> :: compare_files() -> file_path -> check_hash_list[]: AY E:\JOGOS\aionclassic\l10n\fra\sounds\voice\damage\damage.pak.bkp
2023-05-19 12:52:33,488 [Thread-6 (check_files_thread)] -> [DEBUG] -> :: compare_files() -> file_path -> check_hash_list[]: AY E:\JOGOS\aionclassic\l10n\deu\sounds\voice\damage\damage.pak.bkp
2023-05-19 12:52:33,489 [Thread-6 (check_files_thread)] -> [DEBUG] -> :: compare_files() -> file_path -> check_hash_list[]: AY E:\JOGOS\AION_CLASSIC\l10n\enu\sounds\voice\defence\defence.pak.bkp
2023-05-19 12:52:33,489 [Thread-6 (check_files_thread)] -> [DEBUG] -> :: compare_files() -> file_path -> check_hash_list[]: AY E:\JOGOS\aionclassic\l10n\eng\sounds\voice\defence\defence.pak.bkp
2023-05-19 12:52:33,490 [Thread-6 (check_files_thread)] -> [DEBUG] -> :: compare_files() -> file_path -> check_hash_list[]: AY E:\JOGOS\aionclassic\l10n\fra\sounds\voice\defence\defence.pak.bkp
2023-05-19 12:52:33,490 [Thread-6 (check_files_thread)] -> [DEBUG] -> :: compare_files() -> file_path -> check_hash_list[]: AY E:\JOGOS\aionclassic\l10n\deu\sounds\voice\defence\defence.pak.bkp
2023-05-19 12:52:33,491 [Thread-6 (check_files_thread)] -> [DEBUG] -> :: compare_files() -> file_path -> check_hash_list[]: AY E:\JOGOS\AION_CLASSIC\l10n\enu\sounds\voice\login\login.pak.bkp
2023-05-19 12:52:33,492 [Thread-6 (check_files_thread)] -> [DEBUG] -> :: compare_files() -> file_path -> check_hash_list[]: AY E:\JOGOS\aionclassic\l10n\eng\sounds\voice\login\login.pak.bkp
2023-05-19 12:52:33,492 [Thread-6 (check_files_thread)] -> [DEBUG] -> :: compare_files() -> file_path -> check_hash_list[]: AY E:\JOGOS\aionclassic\l10n\fra\sounds\voice\login\login.pak.bkp
2023-05-19 12:52:33,493 [Thread-6 (check_files_thread)] -> [DEBUG] -> :: compare_files() -> file_path -> check_hash_list[]: AY E:\JOGOS\aionclassic\l10n\deu\sounds\voice\login\login.pak.bkp
2023-05-19 12:52:33,494 [Thread-6 (check_files_thread)] -> [DEBUG] -> :: compare_files() -> file_path -> check_hash_list[]: AY E:\JOGOS\AION_CLASSIC\l10n\enu\sounds\voice\motion\motion.pak.bkp
2023-05-19 12:52:33,495 [Thread-6 (check_files_thread)] -> [DEBUG] -> :: compare_files() -> file_path -> check_hash_list[]: AY E:\JOGOS\aionclassic\l10n\eng\sounds\voice\motion\motion.pak.bkp
2023-05-19 12:52:33,495 [Thread-6 (check_files_thread)] -> [DEBUG] -> :: compare_files() -> file_path -> check_hash_list[]: AY E:\JOGOS\aionclassic\l10n\fra\sounds\voice\motion\motion.pak.bkp
2023-05-19 12:52:33,496 [Thread-6 (check_files_thread)] -> [DEBUG] -> :: compare_files() -> file_path -> check_hash_list[]: AY E:\JOGOS\aionclassic\l10n\deu\sounds\voice\motion\motion.pak.bkp
2023-05-19 12:52:33,496 [Thread-6 (check_files_thread)] -> [DEBUG] -> :: compare_files() -> check_hash_list: [['E:\\JOGOS\\AION_CLASSIC\\l10n\\enu\\sounds\\voice\\attack\\attack.pak', 'E:\\JOGOS\\AION_CLASSIC\\l10n\\enu\\sounds\\voice\\attack\\attack.pak.bkp'], ['E:\\JOGOS\\aionclassic\\l10n\\eng\\sounds\\voice\\attack\\attack.pak', 'E:\\JOGOS\\aionclassic\\l10n\\eng\\sounds\\voice\\attack\\attack.pak.bkp'], ['E:\\JOGOS\\aionclassic\\l10n\\fra\\sounds\\voice\\attack\\attack.pak', 'E:\\JOGOS\\aionclassic\\l10n\\fra\\sounds\\voice\\attack\\attack.pak.bkp'], ['E:\\JOGOS\\aionclassic\\l10n\\deu\\sounds\\voice\\attack\\attack.pak', 'E:\\JOGOS\\aionclassic\\l10n\\deu\\sounds\\voice\\attack\\attack.pak.bkp'], ['E:\\JOGOS\\AION_CLASSIC\\l10n\\enu\\sounds\\voice\\cast\\cast.pak', 'E:\\JOGOS\\AION_CLASSIC\\l10n\\enu\\sounds\\voice\\cast\\cast.pak.bkp'], ['E:\\JOGOS\\aionclassic\\l10n\\eng\\sounds\\voice\\cast\\cast.pak', 'E:\\JOGOS\\aionclassic\\l10n\\eng\\sounds\\voice\\cast\\cast.pak.bkp'], ['E:\\JOGOS\\aionclassic\\l10n\\fra\\sounds\\voice\\cast\\cast.pak', 'E:\\JOGOS\\aionclassic\\l10n\\fra\\sounds\\voice\\cast\\cast.pak.bkp'], ['E:\\JOGOS\\aionclassic\\l10n\\deu\\sounds\\voice\\cast\\cast.pak', 'E:\\JOGOS\\aionclassic\\l10n\\deu\\sounds\\voice\\cast\\cast.pak.bkp'], ['E:\\JOGOS\\AION_CLASSIC\\l10n\\enu\\sounds\\voice\\damage\\damage.pak', 'E:\\JOGOS\\AION_CLASSIC\\l10n\\enu\\sounds\\voice\\damage\\damage.pak.bkp'], ['E:\\JOGOS\\aionclassic\\l10n\\eng\\sounds\\voice\\damage\\damage.pak', 'E:\\JOGOS\\aionclassic\\l10n\\eng\\sounds\\voice\\damage\\damage.pak.bkp'], ['E:\\JOGOS\\aionclassic\\l10n\\fra\\sounds\\voice\\damage\\damage.pak', 'E:\\JOGOS\\aionclassic\\l10n\\fra\\sounds\\voice\\damage\\damage.pak.bkp'], ['E:\\JOGOS\\aionclassic\\l10n\\deu\\sounds\\voice\\damage\\damage.pak', 'E:\\JOGOS\\aionclassic\\l10n\\deu\\sounds\\voice\\damage\\damage.pak.bkp'], ['E:\\JOGOS\\AION_CLASSIC\\l10n\\enu\\sounds\\voice\\defence\\defence.pak', 'E:\\JOGOS\\AION_CLASSIC\\l10n\\enu\\sounds\\voice\\defence\\defence.pak.bkp'], ['E:\\JOGOS\\aionclassic\\l10n\\eng\\sounds\\voice\\defence\\defence.pak', 'E:\\JOGOS\\aionclassic\\l10n\\eng\\sounds\\voice\\defence\\defence.pak.bkp'], ['E:\\JOGOS\\aionclassic\\l10n\\fra\\sounds\\voice\\defence\\defence.pak', 'E:\\JOGOS\\aionclassic\\l10n\\fra\\sounds\\voice\\defence\\defence.pak.bkp'], ['E:\\JOGOS\\aionclassic\\l10n\\deu\\sounds\\voice\\defence\\defence.pak', 'E:\\JOGOS\\aionclassic\\l10n\\deu\\sounds\\voice\\defence\\defence.pak.bkp'], ['E:\\JOGOS\\AION_CLASSIC\\l10n\\enu\\sounds\\voice\\login\\login.pak', 'E:\\JOGOS\\AION_CLASSIC\\l10n\\enu\\sounds\\voice\\login\\login.pak.bkp'], ['E:\\JOGOS\\aionclassic\\l10n\\eng\\sounds\\voice\\login\\login.pak', 'E:\\JOGOS\\aionclassic\\l10n\\eng\\sounds\\voice\\login\\login.pak.bkp'], ['E:\\JOGOS\\aionclassic\\l10n\\fra\\sounds\\voice\\login\\login.pak', 'E:\\JOGOS\\aionclassic\\l10n\\fra\\sounds\\voice\\login\\login.pak.bkp'], ['E:\\JOGOS\\aionclassic\\l10n\\deu\\sounds\\voice\\login\\login.pak', 'E:\\JOGOS\\aionclassic\\l10n\\deu\\sounds\\voice\\login\\login.pak.bkp'], ['E:\\JOGOS\\AION_CLASSIC\\l10n\\enu\\sounds\\voice\\motion\\motion.pak', 'E:\\JOGOS\\AION_CLASSIC\\l10n\\enu\\sounds\\voice\\motion\\motion.pak.bkp'], ['E:\\JOGOS\\aionclassic\\l10n\\eng\\sounds\\voice\\motion\\motion.pak', 'E:\\JOGOS\\aionclassic\\l10n\\eng\\sounds\\voice\\motion\\motion.pak.bkp'], ['E:\\JOGOS\\aionclassic\\l10n\\fra\\sounds\\voice\\motion\\motion.pak', 'E:\\JOGOS\\aionclassic\\l10n\\fra\\sounds\\voice\\motion\\motion.pak.bkp'], ['E:\\JOGOS\\aionclassic\\l10n\\deu\\sounds\\voice\\motion\\motion.pak', 'E:\\JOGOS\\aionclassic\\l10n\\deu\\sounds\\voice\\motion\\motion.pak.bkp']]
2023-05-19 12:52:33,499 [Thread-6 (check_files_thread)] -> [INFO] -> :: compare_files() -> check_hash_list: 24 files need to be compared.
2023-05-19 12:52:33,499 [Thread-6 (check_files_thread)] -> [DEBUG] -> :: compare_files() -> copy_files_list: []
2023-05-19 12:52:33,499 [Thread-6 (check_files_thread)] -> [DEBUG] -> :: check_files() -> copy_files_check: 0 - check_backup :: []
